{"/home/sipri/Hacktiv8-Bootcamp/Linguagram-Server/app.js": {"path":"/home/sipri/Hacktiv8-Bootcamp/Linguagram-Server/app.js","statementMap":{"0":{"start":{"line":3,"column":0},"end":{"line":5,"column":1}},"1":{"start":{"line":4,"column":4},"end":{"line":4,"column":31}},"2":{"start":{"line":7,"column":13},"end":{"line":7,"column":28}},"3":{"start":{"line":8,"column":17},"end":{"line":8,"column":37}},"4":{"start":{"line":9,"column":16},"end":{"line":9,"column":34}},"5":{"start":{"line":10,"column":12},"end":{"line":10,"column":21}},"6":{"start":{"line":11,"column":13},"end":{"line":11,"column":17}},"7":{"start":{"line":13,"column":15},"end":{"line":13,"column":34}},"8":{"start":{"line":14,"column":23},"end":{"line":14,"column":60}},"9":{"start":{"line":15,"column":13},"end":{"line":15,"column":28}},"10":{"start":{"line":17,"column":0},"end":{"line":17,"column":15}},"11":{"start":{"line":18,"column":0},"end":{"line":18,"column":45}},"12":{"start":{"line":19,"column":0},"end":{"line":19,"column":23}},"13":{"start":{"line":20,"column":0},"end":{"line":20,"column":15}},"14":{"start":{"line":23,"column":0},"end":{"line":23,"column":21}},"15":{"start":{"line":25,"column":15},"end":{"line":25,"column":37}},"16":{"start":{"line":26,"column":0},"end":{"line":26,"column":13}},"17":{"start":{"line":28,"column":0},"end":{"line":28,"column":24}}},"fnMap":{},"branchMap":{"0":{"loc":{"start":{"line":3,"column":0},"end":{"line":5,"column":1}},"type":"if","locations":[{"start":{"line":3,"column":0},"end":{"line":5,"column":1}},{"start":{},"end":{}}],"line":3}},"s":{"0":1,"1":1,"2":1,"3":1,"4":1,"5":1,"6":1,"7":1,"8":1,"9":1,"10":1,"11":1,"12":1,"13":1,"14":1,"15":1,"16":1,"17":1},"f":{},"b":{"0":[1,0]},"_coverageSchema":"1a1c01bbd47fc00a2c39e90264f33305004495a9","hash":"4b381aaa2850e0fb6e5dc66a37b49003472e87bc"}
,"/home/sipri/Hacktiv8-Bootcamp/Linguagram-Server/controllers/index.js": {"path":"/home/sipri/Hacktiv8-Bootcamp/Linguagram-Server/controllers/index.js","statementMap":{"0":{"start":{"line":17,"column":4},"end":{"line":17,"column":24}},"1":{"start":{"line":19,"column":37},"end":{"line":19,"column":67}},"2":{"start":{"line":20,"column":35},"end":{"line":20,"column":60}},"3":{"start":{"line":21,"column":21},"end":{"line":21,"column":53}},"4":{"start":{"line":22,"column":32},"end":{"line":22,"column":66}},"5":{"start":{"line":30,"column":4},"end":{"line":129,"column":5}},"6":{"start":{"line":43,"column":10},"end":{"line":43,"column":18}},"7":{"start":{"line":45,"column":6},"end":{"line":50,"column":7}},"8":{"start":{"line":46,"column":8},"end":{"line":49,"column":10}},"9":{"start":{"line":54,"column":6},"end":{"line":105,"column":9}},"10":{"start":{"line":56,"column":8},"end":{"line":64,"column":13}},"11":{"start":{"line":67,"column":36},"end":{"line":87,"column":13}},"12":{"start":{"line":68,"column":42},"end":{"line":72,"column":11}},"13":{"start":{"line":74,"column":44},"end":{"line":78,"column":11}},"14":{"start":{"line":82,"column":10},"end":{"line":86,"column":32}},"15":{"start":{"line":83,"column":12},"end":{"line":84,"column":39}},"16":{"start":{"line":89,"column":33},"end":{"line":91,"column":10}},"17":{"start":{"line":93,"column":32},"end":{"line":100,"column":9}},"18":{"start":{"line":95,"column":12},"end":{"line":98,"column":14}},"19":{"start":{"line":102,"column":33},"end":{"line":104,"column":10}},"20":{"start":{"line":107,"column":19},"end":{"line":107,"column":40}},"21":{"start":{"line":109,"column":22},"end":{"line":109,"column":63}},"22":{"start":{"line":111,"column":6},"end":{"line":111,"column":27}},"23":{"start":{"line":113,"column":29},"end":{"line":113,"column":50}},"24":{"start":{"line":114,"column":19},"end":{"line":114,"column":86}},"25":{"start":{"line":115,"column":6},"end":{"line":115,"column":53}},"26":{"start":{"line":117,"column":22},"end":{"line":119,"column":7}},"27":{"start":{"line":121,"column":27},"end":{"line":121,"column":45}},"28":{"start":{"line":123,"column":6},"end":{"line":126,"column":9}},"29":{"start":{"line":128,"column":6},"end":{"line":128,"column":15}},"30":{"start":{"line":133,"column":4},"end":{"line":240,"column":5}},"31":{"start":{"line":145,"column":10},"end":{"line":145,"column":18}},"32":{"start":{"line":147,"column":6},"end":{"line":152,"column":7}},"33":{"start":{"line":148,"column":8},"end":{"line":151,"column":10}},"34":{"start":{"line":154,"column":19},"end":{"line":154,"column":55}},"35":{"start":{"line":156,"column":6},"end":{"line":161,"column":7}},"36":{"start":{"line":157,"column":8},"end":{"line":160,"column":10}},"37":{"start":{"line":163,"column":6},"end":{"line":229,"column":9}},"38":{"start":{"line":166,"column":33},"end":{"line":170,"column":10}},"39":{"start":{"line":172,"column":33},"end":{"line":176,"column":10}},"40":{"start":{"line":178,"column":8},"end":{"line":178,"column":98}},"41":{"start":{"line":179,"column":8},"end":{"line":179,"column":98}},"42":{"start":{"line":181,"column":8},"end":{"line":181,"column":33}},"43":{"start":{"line":182,"column":8},"end":{"line":182,"column":27}},"44":{"start":{"line":183,"column":8},"end":{"line":183,"column":53}},"45":{"start":{"line":183,"column":25},"end":{"line":183,"column":53}},"46":{"start":{"line":185,"column":8},"end":{"line":185,"column":31}},"47":{"start":{"line":186,"column":8},"end":{"line":186,"column":39}},"48":{"start":{"line":188,"column":8},"end":{"line":188,"column":26}},"49":{"start":{"line":191,"column":36},"end":{"line":211,"column":13}},"50":{"start":{"line":192,"column":42},"end":{"line":196,"column":11}},"51":{"start":{"line":198,"column":44},"end":{"line":202,"column":11}},"52":{"start":{"line":206,"column":10},"end":{"line":210,"column":32}},"53":{"start":{"line":207,"column":12},"end":{"line":208,"column":39}},"54":{"start":{"line":213,"column":33},"end":{"line":215,"column":10}},"55":{"start":{"line":217,"column":32},"end":{"line":224,"column":9}},"56":{"start":{"line":219,"column":12},"end":{"line":222,"column":14}},"57":{"start":{"line":226,"column":33},"end":{"line":228,"column":10}},"58":{"start":{"line":231,"column":19},"end":{"line":231,"column":40}},"59":{"start":{"line":233,"column":22},"end":{"line":233,"column":56}},"60":{"start":{"line":235,"column":6},"end":{"line":235,"column":27}},"61":{"start":{"line":237,"column":6},"end":{"line":237,"column":36}},"62":{"start":{"line":239,"column":6},"end":{"line":239,"column":15}},"63":{"start":{"line":244,"column":4},"end":{"line":290,"column":5}},"64":{"start":{"line":245,"column":32},"end":{"line":245,"column":40}},"65":{"start":{"line":247,"column":6},"end":{"line":250,"column":8}},"66":{"start":{"line":247,"column":17},"end":{"line":250,"column":8}},"67":{"start":{"line":252,"column":6},"end":{"line":255,"column":8}},"68":{"start":{"line":252,"column":20},"end":{"line":255,"column":8}},"69":{"start":{"line":257,"column":27},"end":{"line":257,"column":63}},"70":{"start":{"line":258,"column":6},"end":{"line":261,"column":8}},"71":{"start":{"line":258,"column":24},"end":{"line":261,"column":8}},"72":{"start":{"line":263,"column":30},"end":{"line":263,"column":73}},"73":{"start":{"line":264,"column":6},"end":{"line":267,"column":8}},"74":{"start":{"line":264,"column":27},"end":{"line":267,"column":8}},"75":{"start":{"line":269,"column":6},"end":{"line":277,"column":7}},"76":{"start":{"line":270,"column":31},"end":{"line":270,"column":57}},"77":{"start":{"line":271,"column":21},"end":{"line":271,"column":88}},"78":{"start":{"line":272,"column":8},"end":{"line":272,"column":65}},"79":{"start":{"line":273,"column":8},"end":{"line":276,"column":10}},"80":{"start":{"line":279,"column":22},"end":{"line":281,"column":7}},"81":{"start":{"line":283,"column":27},"end":{"line":283,"column":45}},"82":{"start":{"line":284,"column":6},"end":{"line":284,"column":45}},"83":{"start":{"line":285,"column":6},"end":{"line":285,"column":55}},"84":{"start":{"line":286,"column":6},"end":{"line":286,"column":32}},"85":{"start":{"line":287,"column":6},"end":{"line":287,"column":62}},"86":{"start":{"line":289,"column":6},"end":{"line":289,"column":15}},"87":{"start":{"line":294,"column":4},"end":{"line":320,"column":5}},"88":{"start":{"line":295,"column":31},"end":{"line":295,"column":40}},"89":{"start":{"line":297,"column":22},"end":{"line":297,"column":47}},"90":{"start":{"line":299,"column":30},"end":{"line":299,"column":61}},"91":{"start":{"line":300,"column":6},"end":{"line":303,"column":8}},"92":{"start":{"line":300,"column":27},"end":{"line":303,"column":8}},"93":{"start":{"line":305,"column":6},"end":{"line":308,"column":8}},"94":{"start":{"line":305,"column":35},"end":{"line":308,"column":8}},"95":{"start":{"line":310,"column":6},"end":{"line":314,"column":9}},"96":{"start":{"line":316,"column":6},"end":{"line":316,"column":83}},"97":{"start":{"line":319,"column":6},"end":{"line":319,"column":15}},"98":{"start":{"line":324,"column":0},"end":{"line":324,"column":27}}},"fnMap":{"0":{"name":"(anonymous_0)","decl":{"start":{"line":29,"column":2},"end":{"line":29,"column":3}},"loc":{"start":{"line":29,"column":41},"end":{"line":130,"column":3}},"line":29},"1":{"name":"(anonymous_1)","decl":{"start":{"line":54,"column":34},"end":{"line":54,"column":35}},"loc":{"start":{"line":54,"column":47},"end":{"line":105,"column":7}},"line":54},"2":{"name":"(anonymous_2)","decl":{"start":{"line":68,"column":33},"end":{"line":68,"column":34}},"loc":{"start":{"line":68,"column":42},"end":{"line":72,"column":11}},"line":68},"3":{"name":"(anonymous_3)","decl":{"start":{"line":74,"column":35},"end":{"line":74,"column":36}},"loc":{"start":{"line":74,"column":44},"end":{"line":78,"column":11}},"line":74},"4":{"name":"(anonymous_4)","decl":{"start":{"line":81,"column":17},"end":{"line":81,"column":18}},"loc":{"start":{"line":82,"column":10},"end":{"line":86,"column":32}},"line":82},"5":{"name":"(anonymous_5)","decl":{"start":{"line":82,"column":20},"end":{"line":82,"column":21}},"loc":{"start":{"line":83,"column":12},"end":{"line":84,"column":39}},"line":83},"6":{"name":"(anonymous_6)","decl":{"start":{"line":94,"column":27},"end":{"line":94,"column":28}},"loc":{"start":{"line":94,"column":36},"end":{"line":99,"column":11}},"line":94},"7":{"name":"(anonymous_7)","decl":{"start":{"line":132,"column":2},"end":{"line":132,"column":3}},"loc":{"start":{"line":132,"column":39},"end":{"line":241,"column":3}},"line":132},"8":{"name":"(anonymous_8)","decl":{"start":{"line":163,"column":34},"end":{"line":163,"column":35}},"loc":{"start":{"line":163,"column":47},"end":{"line":229,"column":7}},"line":163},"9":{"name":"(anonymous_9)","decl":{"start":{"line":192,"column":33},"end":{"line":192,"column":34}},"loc":{"start":{"line":192,"column":42},"end":{"line":196,"column":11}},"line":192},"10":{"name":"(anonymous_10)","decl":{"start":{"line":198,"column":35},"end":{"line":198,"column":36}},"loc":{"start":{"line":198,"column":44},"end":{"line":202,"column":11}},"line":198},"11":{"name":"(anonymous_11)","decl":{"start":{"line":205,"column":17},"end":{"line":205,"column":18}},"loc":{"start":{"line":206,"column":10},"end":{"line":210,"column":32}},"line":206},"12":{"name":"(anonymous_12)","decl":{"start":{"line":206,"column":20},"end":{"line":206,"column":21}},"loc":{"start":{"line":207,"column":12},"end":{"line":208,"column":39}},"line":207},"13":{"name":"(anonymous_13)","decl":{"start":{"line":218,"column":27},"end":{"line":218,"column":28}},"loc":{"start":{"line":218,"column":36},"end":{"line":223,"column":11}},"line":218},"14":{"name":"(anonymous_14)","decl":{"start":{"line":243,"column":2},"end":{"line":243,"column":3}},"loc":{"start":{"line":243,"column":38},"end":{"line":291,"column":3}},"line":243},"15":{"name":"(anonymous_15)","decl":{"start":{"line":293,"column":2},"end":{"line":293,"column":3}},"loc":{"start":{"line":293,"column":39},"end":{"line":321,"column":3}},"line":293}},"branchMap":{"0":{"loc":{"start":{"line":40,"column":8},"end":{"line":40,"column":28}},"type":"default-arg","locations":[{"start":{"line":40,"column":26},"end":{"line":40,"column":28}}],"line":40},"1":{"loc":{"start":{"line":41,"column":8},"end":{"line":41,"column":30}},"type":"default-arg","locations":[{"start":{"line":41,"column":28},"end":{"line":41,"column":30}}],"line":41},"2":{"loc":{"start":{"line":42,"column":8},"end":{"line":42,"column":22}},"type":"default-arg","locations":[{"start":{"line":42,"column":20},"end":{"line":42,"column":22}}],"line":42},"3":{"loc":{"start":{"line":45,"column":6},"end":{"line":50,"column":7}},"type":"if","locations":[{"start":{"line":45,"column":6},"end":{"line":50,"column":7}},{"start":{},"end":{}}],"line":45},"4":{"loc":{"start":{"line":82,"column":10},"end":{"line":86,"column":32}},"type":"cond-expr","locations":[{"start":{"line":85,"column":14},"end":{"line":85,"column":18}},{"start":{"line":86,"column":14},"end":{"line":86,"column":32}}],"line":82},"5":{"loc":{"start":{"line":83,"column":12},"end":{"line":84,"column":39}},"type":"binary-expr","locations":[{"start":{"line":83,"column":12},"end":{"line":83,"column":46}},{"start":{"line":84,"column":17},"end":{"line":84,"column":39}}],"line":83},"6":{"loc":{"start":{"line":142,"column":8},"end":{"line":142,"column":28}},"type":"default-arg","locations":[{"start":{"line":142,"column":26},"end":{"line":142,"column":28}}],"line":142},"7":{"loc":{"start":{"line":143,"column":8},"end":{"line":143,"column":30}},"type":"default-arg","locations":[{"start":{"line":143,"column":28},"end":{"line":143,"column":30}}],"line":143},"8":{"loc":{"start":{"line":144,"column":8},"end":{"line":144,"column":22}},"type":"default-arg","locations":[{"start":{"line":144,"column":20},"end":{"line":144,"column":22}}],"line":144},"9":{"loc":{"start":{"line":147,"column":6},"end":{"line":152,"column":7}},"type":"if","locations":[{"start":{"line":147,"column":6},"end":{"line":152,"column":7}},{"start":{},"end":{}}],"line":147},"10":{"loc":{"start":{"line":147,"column":10},"end":{"line":147,"column":59}},"type":"binary-expr","locations":[{"start":{"line":147,"column":10},"end":{"line":147,"column":21}},{"start":{"line":147,"column":25},"end":{"line":147,"column":59}}],"line":147},"11":{"loc":{"start":{"line":156,"column":6},"end":{"line":161,"column":7}},"type":"if","locations":[{"start":{"line":156,"column":6},"end":{"line":161,"column":7}},{"start":{},"end":{}}],"line":156},"12":{"loc":{"start":{"line":183,"column":8},"end":{"line":183,"column":53}},"type":"if","locations":[{"start":{"line":183,"column":8},"end":{"line":183,"column":53}},{"start":{},"end":{}}],"line":183},"13":{"loc":{"start":{"line":206,"column":10},"end":{"line":210,"column":32}},"type":"cond-expr","locations":[{"start":{"line":209,"column":14},"end":{"line":209,"column":18}},{"start":{"line":210,"column":14},"end":{"line":210,"column":32}}],"line":206},"14":{"loc":{"start":{"line":207,"column":12},"end":{"line":208,"column":39}},"type":"binary-expr","locations":[{"start":{"line":207,"column":12},"end":{"line":207,"column":46}},{"start":{"line":208,"column":17},"end":{"line":208,"column":39}}],"line":207},"15":{"loc":{"start":{"line":247,"column":6},"end":{"line":250,"column":8}},"type":"if","locations":[{"start":{"line":247,"column":6},"end":{"line":250,"column":8}},{"start":{},"end":{}}],"line":247},"16":{"loc":{"start":{"line":252,"column":6},"end":{"line":255,"column":8}},"type":"if","locations":[{"start":{"line":252,"column":6},"end":{"line":255,"column":8}},{"start":{},"end":{}}],"line":252},"17":{"loc":{"start":{"line":258,"column":6},"end":{"line":261,"column":8}},"type":"if","locations":[{"start":{"line":258,"column":6},"end":{"line":261,"column":8}},{"start":{},"end":{}}],"line":258},"18":{"loc":{"start":{"line":264,"column":6},"end":{"line":267,"column":8}},"type":"if","locations":[{"start":{"line":264,"column":6},"end":{"line":267,"column":8}},{"start":{},"end":{}}],"line":264},"19":{"loc":{"start":{"line":269,"column":6},"end":{"line":277,"column":7}},"type":"if","locations":[{"start":{"line":269,"column":6},"end":{"line":277,"column":7}},{"start":{},"end":{}}],"line":269},"20":{"loc":{"start":{"line":300,"column":6},"end":{"line":303,"column":8}},"type":"if","locations":[{"start":{"line":300,"column":6},"end":{"line":303,"column":8}},{"start":{},"end":{}}],"line":300},"21":{"loc":{"start":{"line":305,"column":6},"end":{"line":308,"column":8}},"type":"if","locations":[{"start":{"line":305,"column":6},"end":{"line":308,"column":8}},{"start":{},"end":{}}],"line":305}},"s":{"0":1,"1":1,"2":1,"3":1,"4":1,"5":9,"6":9,"7":9,"8":1,"9":8,"10":8,"11":1,"12":0,"13":0,"14":0,"15":0,"16":1,"17":1,"18":0,"19":1,"20":1,"21":1,"22":1,"23":1,"24":1,"25":1,"26":1,"27":1,"28":1,"29":8,"30":0,"31":0,"32":0,"33":0,"34":0,"35":0,"36":0,"37":0,"38":0,"39":0,"40":0,"41":0,"42":0,"43":0,"44":0,"45":0,"46":0,"47":0,"48":0,"49":0,"50":0,"51":0,"52":0,"53":0,"54":0,"55":0,"56":0,"57":0,"58":0,"59":0,"60":0,"61":0,"62":0,"63":5,"64":5,"65":5,"66":1,"67":4,"68":1,"69":3,"70":3,"71":1,"72":2,"73":2,"74":1,"75":1,"76":0,"77":0,"78":0,"79":0,"80":1,"81":1,"82":1,"83":1,"84":1,"85":1,"86":4,"87":4,"88":4,"89":4,"90":3,"91":3,"92":1,"93":2,"94":1,"95":1,"96":1,"97":3,"98":1},"f":{"0":9,"1":8,"2":0,"3":0,"4":0,"5":0,"6":0,"7":0,"8":0,"9":0,"10":0,"11":0,"12":0,"13":0,"14":5,"15":4},"b":{"0":[9],"1":[9],"2":[9],"3":[1,8],"4":[0,0],"5":[0,0],"6":[0],"7":[0],"8":[0],"9":[0,0],"10":[0,0],"11":[0,0],"12":[0,0],"13":[0,0],"14":[0,0],"15":[1,4],"16":[1,3],"17":[1,2],"18":[1,1],"19":[0,1],"20":[1,2],"21":[1,1]},"_coverageSchema":"1a1c01bbd47fc00a2c39e90264f33305004495a9","hash":"b4876bfb9c8011ec17ec947b764b3eef82dca5b9"}
,"/home/sipri/Hacktiv8-Bootcamp/Linguagram-Server/helpers/bcryptjs.js": {"path":"/home/sipri/Hacktiv8-Bootcamp/Linguagram-Server/helpers/bcryptjs.js","statementMap":{"0":{"start":{"line":3,"column":15},"end":{"line":3,"column":34}},"1":{"start":{"line":5,"column":21},"end":{"line":7,"column":1}},"2":{"start":{"line":6,"column":4},"end":{"line":6,"column":38}},"3":{"start":{"line":9,"column":19},"end":{"line":11,"column":1}},"4":{"start":{"line":10,"column":4},"end":{"line":10,"column":44}},"5":{"start":{"line":13,"column":0},"end":{"line":16,"column":1}}},"fnMap":{"0":{"name":"(anonymous_0)","decl":{"start":{"line":5,"column":21},"end":{"line":5,"column":22}},"loc":{"start":{"line":5,"column":34},"end":{"line":7,"column":1}},"line":5},"1":{"name":"(anonymous_1)","decl":{"start":{"line":9,"column":19},"end":{"line":9,"column":20}},"loc":{"start":{"line":9,"column":38},"end":{"line":11,"column":1}},"line":9}},"branchMap":{},"s":{"0":1,"1":1,"2":12,"3":1,"4":2,"5":1},"f":{"0":12,"1":2},"b":{},"_coverageSchema":"1a1c01bbd47fc00a2c39e90264f33305004495a9","hash":"d85c58f38c11526c1a1624e3865041001facc867"}
,"/home/sipri/Hacktiv8-Bootcamp/Linguagram-Server/helpers/jwt.js": {"path":"/home/sipri/Hacktiv8-Bootcamp/Linguagram-Server/helpers/jwt.js","statementMap":{"0":{"start":{"line":3,"column":12},"end":{"line":3,"column":35}},"1":{"start":{"line":4,"column":27},"end":{"line":4,"column":38}},"2":{"start":{"line":6,"column":18},"end":{"line":8,"column":1}},"3":{"start":{"line":7,"column":4},"end":{"line":7,"column":44}},"4":{"start":{"line":10,"column":20},"end":{"line":12,"column":1}},"5":{"start":{"line":11,"column":4},"end":{"line":11,"column":44}},"6":{"start":{"line":14,"column":0},"end":{"line":17,"column":1}}},"fnMap":{"0":{"name":"(anonymous_0)","decl":{"start":{"line":6,"column":18},"end":{"line":6,"column":19}},"loc":{"start":{"line":6,"column":31},"end":{"line":8,"column":1}},"line":6},"1":{"name":"(anonymous_1)","decl":{"start":{"line":10,"column":20},"end":{"line":10,"column":21}},"loc":{"start":{"line":10,"column":31},"end":{"line":12,"column":1}},"line":10}},"branchMap":{},"s":{"0":1,"1":1,"2":1,"3":3,"4":1,"5":6,"6":1},"f":{"0":3,"1":6},"b":{},"_coverageSchema":"1a1c01bbd47fc00a2c39e90264f33305004495a9","hash":"239ae8922ce970f3d658b6fb273050cb4e50c4cb"}
,"/home/sipri/Hacktiv8-Bootcamp/Linguagram-Server/helpers/nodemailer.js": {"path":"/home/sipri/Hacktiv8-Bootcamp/Linguagram-Server/helpers/nodemailer.js","statementMap":{"0":{"start":{"line":3,"column":19},"end":{"line":3,"column":40}},"1":{"start":{"line":5,"column":18},"end":{"line":13,"column":2}},"2":{"start":{"line":15,"column":17},"end":{"line":30,"column":1}},"3":{"start":{"line":17,"column":2},"end":{"line":29,"column":5}},"4":{"start":{"line":32,"column":29},"end":{"line":47,"column":1}},"5":{"start":{"line":34,"column":2},"end":{"line":46,"column":5}},"6":{"start":{"line":49,"column":0},"end":{"line":52,"column":1}}},"fnMap":{"0":{"name":"(anonymous_0)","decl":{"start":{"line":15,"column":17},"end":{"line":15,"column":18}},"loc":{"start":{"line":15,"column":59},"end":{"line":30,"column":1}},"line":15},"1":{"name":"(anonymous_1)","decl":{"start":{"line":32,"column":29},"end":{"line":32,"column":30}},"loc":{"start":{"line":32,"column":71},"end":{"line":47,"column":1}},"line":32}},"branchMap":{},"s":{"0":1,"1":1,"2":1,"3":1,"4":1,"5":0,"6":1},"f":{"0":1,"1":0},"b":{},"_coverageSchema":"1a1c01bbd47fc00a2c39e90264f33305004495a9","hash":"8c487b8e48c4898e08683d313410447f6ec8f640"}
,"/home/sipri/Hacktiv8-Bootcamp/Linguagram-Server/middlewares/authentication.js": {"path":"/home/sipri/Hacktiv8-Bootcamp/Linguagram-Server/middlewares/authentication.js","statementMap":{"0":{"start":{"line":1,"column":24},"end":{"line":1,"column":49}},"1":{"start":{"line":2,"column":24},"end":{"line":2,"column":44}},"2":{"start":{"line":3,"column":32},"end":{"line":3,"column":66}},"3":{"start":{"line":6,"column":23},"end":{"line":29,"column":1}},"4":{"start":{"line":7,"column":2},"end":{"line":28,"column":3}},"5":{"start":{"line":8,"column":27},"end":{"line":8,"column":38}},"6":{"start":{"line":9,"column":4},"end":{"line":12,"column":6}},"7":{"start":{"line":9,"column":22},"end":{"line":12,"column":6}},"8":{"start":{"line":14,"column":20},"end":{"line":14,"column":45}},"9":{"start":{"line":16,"column":28},"end":{"line":16,"column":87}},"10":{"start":{"line":18,"column":4},"end":{"line":21,"column":6}},"11":{"start":{"line":18,"column":25},"end":{"line":21,"column":6}},"12":{"start":{"line":23,"column":4},"end":{"line":23,"column":35}},"13":{"start":{"line":25,"column":4},"end":{"line":25,"column":10}},"14":{"start":{"line":27,"column":4},"end":{"line":27,"column":13}},"15":{"start":{"line":31,"column":0},"end":{"line":33,"column":1}}},"fnMap":{"0":{"name":"(anonymous_0)","decl":{"start":{"line":6,"column":23},"end":{"line":6,"column":24}},"loc":{"start":{"line":6,"column":48},"end":{"line":29,"column":1}},"line":6}},"branchMap":{"0":{"loc":{"start":{"line":9,"column":4},"end":{"line":12,"column":6}},"type":"if","locations":[{"start":{"line":9,"column":4},"end":{"line":12,"column":6}},{"start":{},"end":{}}],"line":9},"1":{"loc":{"start":{"line":18,"column":4},"end":{"line":21,"column":6}},"type":"if","locations":[{"start":{"line":18,"column":4},"end":{"line":21,"column":6}},{"start":{},"end":{}}],"line":18}},"s":{"0":1,"1":1,"2":1,"3":1,"4":3,"5":3,"6":3,"7":1,"8":2,"9":2,"10":2,"11":0,"12":2,"13":2,"14":1,"15":1},"f":{"0":3},"b":{"0":[1,2],"1":[0,2]},"_coverageSchema":"1a1c01bbd47fc00a2c39e90264f33305004495a9","hash":"3bdc51f81e9a364ce8d76ec7470af091255af0ee"}
,"/home/sipri/Hacktiv8-Bootcamp/Linguagram-Server/middlewares/errorHandler.js": {"path":"/home/sipri/Hacktiv8-Bootcamp/Linguagram-Server/middlewares/errorHandler.js","statementMap":{"0":{"start":{"line":3,"column":22},"end":{"line":49,"column":1}},"1":{"start":{"line":4,"column":13},"end":{"line":4,"column":16}},"2":{"start":{"line":5,"column":16},"end":{"line":5,"column":39}},"3":{"start":{"line":6,"column":2},"end":{"line":6,"column":18}},"4":{"start":{"line":8,"column":2},"end":{"line":46,"column":3}},"5":{"start":{"line":9,"column":4},"end":{"line":9,"column":14}},"6":{"start":{"line":10,"column":4},"end":{"line":10,"column":35}},"7":{"start":{"line":12,"column":7},"end":{"line":46,"column":3}},"8":{"start":{"line":13,"column":4},"end":{"line":13,"column":14}},"9":{"start":{"line":14,"column":4},"end":{"line":14,"column":49}},"10":{"start":{"line":16,"column":7},"end":{"line":46,"column":3}},"11":{"start":{"line":17,"column":6},"end":{"line":17,"column":16}},"12":{"start":{"line":18,"column":6},"end":{"line":18,"column":19}},"13":{"start":{"line":20,"column":7},"end":{"line":46,"column":3}},"14":{"start":{"line":21,"column":4},"end":{"line":21,"column":14}},"15":{"start":{"line":22,"column":4},"end":{"line":22,"column":17}},"16":{"start":{"line":24,"column":7},"end":{"line":46,"column":3}},"17":{"start":{"line":25,"column":4},"end":{"line":25,"column":14}},"18":{"start":{"line":26,"column":4},"end":{"line":26,"column":17}},"19":{"start":{"line":28,"column":7},"end":{"line":46,"column":3}},"20":{"start":{"line":29,"column":4},"end":{"line":29,"column":14}},"21":{"start":{"line":30,"column":4},"end":{"line":30,"column":29}},"22":{"start":{"line":32,"column":7},"end":{"line":46,"column":3}},"23":{"start":{"line":33,"column":4},"end":{"line":33,"column":14}},"24":{"start":{"line":34,"column":4},"end":{"line":34,"column":17}},"25":{"start":{"line":36,"column":7},"end":{"line":46,"column":3}},"26":{"start":{"line":37,"column":4},"end":{"line":37,"column":14}},"27":{"start":{"line":38,"column":4},"end":{"line":38,"column":17}},"28":{"start":{"line":40,"column":7},"end":{"line":46,"column":3}},"29":{"start":{"line":41,"column":4},"end":{"line":41,"column":14}},"30":{"start":{"line":42,"column":4},"end":{"line":42,"column":25}},"31":{"start":{"line":43,"column":9},"end":{"line":46,"column":3}},"32":{"start":{"line":44,"column":4},"end":{"line":44,"column":14}},"33":{"start":{"line":45,"column":4},"end":{"line":45,"column":17}},"34":{"start":{"line":48,"column":2},"end":{"line":48,"column":34}},"35":{"start":{"line":51,"column":21},"end":{"line":93,"column":1}},"36":{"start":{"line":52,"column":2},"end":{"line":52,"column":21}},"37":{"start":{"line":54,"column":2},"end":{"line":79,"column":3}},"38":{"start":{"line":58,"column":4},"end":{"line":61,"column":7}},"39":{"start":{"line":64,"column":7},"end":{"line":79,"column":3}},"40":{"start":{"line":68,"column":4},"end":{"line":71,"column":7}},"41":{"start":{"line":74,"column":7},"end":{"line":79,"column":3}},"42":{"start":{"line":75,"column":4},"end":{"line":78,"column":7}},"43":{"start":{"line":81,"column":2},"end":{"line":86,"column":3}},"44":{"start":{"line":82,"column":4},"end":{"line":85,"column":7}},"45":{"start":{"line":88,"column":2},"end":{"line":88,"column":49}},"46":{"start":{"line":89,"column":2},"end":{"line":92,"column":5}},"47":{"start":{"line":95,"column":0},"end":{"line":95,"column":31}}},"fnMap":{"0":{"name":"(anonymous_0)","decl":{"start":{"line":3,"column":22},"end":{"line":3,"column":23}},"loc":{"start":{"line":3,"column":47},"end":{"line":49,"column":1}},"line":3},"1":{"name":"(anonymous_1)","decl":{"start":{"line":51,"column":21},"end":{"line":51,"column":22}},"loc":{"start":{"line":51,"column":46},"end":{"line":93,"column":1}},"line":51}},"branchMap":{"0":{"loc":{"start":{"line":8,"column":2},"end":{"line":46,"column":3}},"type":"if","locations":[{"start":{"line":8,"column":2},"end":{"line":46,"column":3}},{"start":{"line":12,"column":7},"end":{"line":46,"column":3}}],"line":8},"1":{"loc":{"start":{"line":12,"column":7},"end":{"line":46,"column":3}},"type":"if","locations":[{"start":{"line":12,"column":7},"end":{"line":46,"column":3}},{"start":{"line":16,"column":7},"end":{"line":46,"column":3}}],"line":12},"2":{"loc":{"start":{"line":16,"column":7},"end":{"line":46,"column":3}},"type":"if","locations":[{"start":{"line":16,"column":7},"end":{"line":46,"column":3}},{"start":{"line":20,"column":7},"end":{"line":46,"column":3}}],"line":16},"3":{"loc":{"start":{"line":16,"column":11},"end":{"line":16,"column":72}},"type":"binary-expr","locations":[{"start":{"line":16,"column":11},"end":{"line":16,"column":38}},{"start":{"line":16,"column":42},"end":{"line":16,"column":72}}],"line":16},"4":{"loc":{"start":{"line":20,"column":7},"end":{"line":46,"column":3}},"type":"if","locations":[{"start":{"line":20,"column":7},"end":{"line":46,"column":3}},{"start":{"line":24,"column":7},"end":{"line":46,"column":3}}],"line":20},"5":{"loc":{"start":{"line":24,"column":7},"end":{"line":46,"column":3}},"type":"if","locations":[{"start":{"line":24,"column":7},"end":{"line":46,"column":3}},{"start":{"line":28,"column":7},"end":{"line":46,"column":3}}],"line":24},"6":{"loc":{"start":{"line":24,"column":11},"end":{"line":24,"column":83}},"type":"binary-expr","locations":[{"start":{"line":24,"column":11},"end":{"line":24,"column":33}},{"start":{"line":24,"column":37},"end":{"line":24,"column":83}}],"line":24},"7":{"loc":{"start":{"line":28,"column":7},"end":{"line":46,"column":3}},"type":"if","locations":[{"start":{"line":28,"column":7},"end":{"line":46,"column":3}},{"start":{"line":32,"column":7},"end":{"line":46,"column":3}}],"line":28},"8":{"loc":{"start":{"line":28,"column":10},"end":{"line":28,"column":69}},"type":"binary-expr","locations":[{"start":{"line":28,"column":10},"end":{"line":28,"column":33}},{"start":{"line":28,"column":37},"end":{"line":28,"column":69}}],"line":28},"9":{"loc":{"start":{"line":32,"column":7},"end":{"line":46,"column":3}},"type":"if","locations":[{"start":{"line":32,"column":7},"end":{"line":46,"column":3}},{"start":{"line":36,"column":7},"end":{"line":46,"column":3}}],"line":32},"10":{"loc":{"start":{"line":36,"column":7},"end":{"line":46,"column":3}},"type":"if","locations":[{"start":{"line":36,"column":7},"end":{"line":46,"column":3}},{"start":{"line":40,"column":7},"end":{"line":46,"column":3}}],"line":36},"11":{"loc":{"start":{"line":40,"column":7},"end":{"line":46,"column":3}},"type":"if","locations":[{"start":{"line":40,"column":7},"end":{"line":46,"column":3}},{"start":{"line":43,"column":9},"end":{"line":46,"column":3}}],"line":40},"12":{"loc":{"start":{"line":43,"column":9},"end":{"line":46,"column":3}},"type":"if","locations":[{"start":{"line":43,"column":9},"end":{"line":46,"column":3}},{"start":{},"end":{}}],"line":43},"13":{"loc":{"start":{"line":54,"column":2},"end":{"line":79,"column":3}},"type":"if","locations":[{"start":{"line":54,"column":2},"end":{"line":79,"column":3}},{"start":{"line":64,"column":7},"end":{"line":79,"column":3}}],"line":54},"14":{"loc":{"start":{"line":60,"column":15},"end":{"line":60,"column":54}},"type":"binary-expr","locations":[{"start":{"line":60,"column":15},"end":{"line":60,"column":37}},{"start":{"line":60,"column":41},"end":{"line":60,"column":54}}],"line":60},"15":{"loc":{"start":{"line":64,"column":7},"end":{"line":79,"column":3}},"type":"if","locations":[{"start":{"line":64,"column":7},"end":{"line":79,"column":3}},{"start":{"line":74,"column":7},"end":{"line":79,"column":3}}],"line":64},"16":{"loc":{"start":{"line":74,"column":7},"end":{"line":79,"column":3}},"type":"if","locations":[{"start":{"line":74,"column":7},"end":{"line":79,"column":3}},{"start":{},"end":{}}],"line":74},"17":{"loc":{"start":{"line":81,"column":2},"end":{"line":86,"column":3}},"type":"if","locations":[{"start":{"line":81,"column":2},"end":{"line":86,"column":3}},{"start":{},"end":{}}],"line":81},"18":{"loc":{"start":{"line":81,"column":6},"end":{"line":81,"column":59}},"type":"binary-expr","locations":[{"start":{"line":81,"column":6},"end":{"line":81,"column":24}},{"start":{"line":81,"column":28},"end":{"line":81,"column":59}}],"line":81}},"s":{"0":1,"1":0,"2":0,"3":0,"4":0,"5":0,"6":0,"7":0,"8":0,"9":0,"10":0,"11":0,"12":0,"13":0,"14":0,"15":0,"16":0,"17":0,"18":0,"19":0,"20":0,"21":0,"22":0,"23":0,"24":0,"25":0,"26":0,"27":0,"28":0,"29":0,"30":0,"31":0,"32":0,"33":0,"34":0,"35":1,"36":17,"37":17,"38":7,"39":10,"40":0,"41":10,"42":1,"43":9,"44":9,"45":0,"46":0,"47":1},"f":{"0":0,"1":17},"b":{"0":[0,0],"1":[0,0],"2":[0,0],"3":[0,0],"4":[0,0],"5":[0,0],"6":[0,0],"7":[0,0],"8":[0,0],"9":[0,0],"10":[0,0],"11":[0,0],"12":[0,0],"13":[7,10],"14":[7,0],"15":[0,10],"16":[1,9],"17":[9,0],"18":[9,9]},"_coverageSchema":"1a1c01bbd47fc00a2c39e90264f33305004495a9","hash":"abe5238a4538dfd326c1b12508443c267406141b"}
,"/home/sipri/Hacktiv8-Bootcamp/Linguagram-Server/models/friendship.js": {"path":"/home/sipri/Hacktiv8-Bootcamp/Linguagram-Server/models/friendship.js","statementMap":{"0":{"start":{"line":4,"column":4},"end":{"line":4,"column":24}},"1":{"start":{"line":5,"column":0},"end":{"line":50,"column":2}},"2":{"start":{"line":14,"column":6},"end":{"line":17,"column":8}},"3":{"start":{"line":18,"column":6},"end":{"line":21,"column":8}},"4":{"start":{"line":24,"column":2},"end":{"line":48,"column":5}},"5":{"start":{"line":49,"column":2},"end":{"line":49,"column":20}}},"fnMap":{"0":{"name":"(anonymous_0)","decl":{"start":{"line":5,"column":17},"end":{"line":5,"column":18}},"loc":{"start":{"line":5,"column":43},"end":{"line":50,"column":1}},"line":5},"1":{"name":"(anonymous_1)","decl":{"start":{"line":12,"column":4},"end":{"line":12,"column":5}},"loc":{"start":{"line":12,"column":29},"end":{"line":22,"column":5}},"line":12}},"branchMap":{},"s":{"0":1,"1":1,"2":1,"3":1,"4":1,"5":1},"f":{"0":1,"1":1},"b":{},"_coverageSchema":"1a1c01bbd47fc00a2c39e90264f33305004495a9","hash":"1f0c9653541698612e7a657003fb1ecf98d74efe"}
,"/home/sipri/Hacktiv8-Bootcamp/Linguagram-Server/models/group.js": {"path":"/home/sipri/Hacktiv8-Bootcamp/Linguagram-Server/models/group.js","statementMap":{"0":{"start":{"line":4,"column":4},"end":{"line":4,"column":24}},"1":{"start":{"line":5,"column":0},"end":{"line":50,"column":2}},"2":{"start":{"line":14,"column":6},"end":{"line":16,"column":8}},"3":{"start":{"line":17,"column":6},"end":{"line":19,"column":8}},"4":{"start":{"line":22,"column":2},"end":{"line":48,"column":7}},"5":{"start":{"line":27,"column":10},"end":{"line":29,"column":11}},"6":{"start":{"line":28,"column":12},"end":{"line":28,"column":58}},"7":{"start":{"line":38,"column":31},"end":{"line":38,"column":46}},"8":{"start":{"line":39,"column":10},"end":{"line":41,"column":11}},"9":{"start":{"line":40,"column":12},"end":{"line":40,"column":54}},"10":{"start":{"line":49,"column":2},"end":{"line":49,"column":15}}},"fnMap":{"0":{"name":"(anonymous_0)","decl":{"start":{"line":5,"column":17},"end":{"line":5,"column":18}},"loc":{"start":{"line":5,"column":43},"end":{"line":50,"column":1}},"line":5},"1":{"name":"(anonymous_1)","decl":{"start":{"line":12,"column":4},"end":{"line":12,"column":5}},"loc":{"start":{"line":12,"column":29},"end":{"line":20,"column":5}},"line":12},"2":{"name":"(anonymous_2)","decl":{"start":{"line":26,"column":8},"end":{"line":26,"column":9}},"loc":{"start":{"line":26,"column":25},"end":{"line":30,"column":9}},"line":26},"3":{"name":"(anonymous_3)","decl":{"start":{"line":37,"column":8},"end":{"line":37,"column":9}},"loc":{"start":{"line":37,"column":20},"end":{"line":42,"column":9}},"line":37}},"branchMap":{"0":{"loc":{"start":{"line":27,"column":10},"end":{"line":29,"column":11}},"type":"if","locations":[{"start":{"line":27,"column":10},"end":{"line":29,"column":11}},{"start":{},"end":{}}],"line":27},"1":{"loc":{"start":{"line":27,"column":14},"end":{"line":27,"column":45}},"type":"binary-expr","locations":[{"start":{"line":27,"column":14},"end":{"line":27,"column":35}},{"start":{"line":27,"column":39},"end":{"line":27,"column":45}}],"line":27},"2":{"loc":{"start":{"line":39,"column":10},"end":{"line":41,"column":11}},"type":"if","locations":[{"start":{"line":39,"column":10},"end":{"line":41,"column":11}},{"start":{},"end":{}}],"line":39}},"s":{"0":1,"1":1,"2":1,"3":1,"4":1,"5":0,"6":0,"7":0,"8":0,"9":0,"10":1},"f":{"0":1,"1":1,"2":0,"3":0},"b":{"0":[0,0],"1":[0,0],"2":[0,0]},"_coverageSchema":"1a1c01bbd47fc00a2c39e90264f33305004495a9","hash":"41794b195e206ac2dd7826a09ab84d50c8543779"}
,"/home/sipri/Hacktiv8-Bootcamp/Linguagram-Server/models/groupmember.js": {"path":"/home/sipri/Hacktiv8-Bootcamp/Linguagram-Server/models/groupmember.js","statementMap":{"0":{"start":{"line":4,"column":4},"end":{"line":4,"column":24}},"1":{"start":{"line":5,"column":0},"end":{"line":44,"column":2}},"2":{"start":{"line":14,"column":6},"end":{"line":16,"column":8}},"3":{"start":{"line":17,"column":6},"end":{"line":19,"column":8}},"4":{"start":{"line":22,"column":2},"end":{"line":42,"column":5}},"5":{"start":{"line":43,"column":2},"end":{"line":43,"column":21}}},"fnMap":{"0":{"name":"(anonymous_0)","decl":{"start":{"line":5,"column":17},"end":{"line":5,"column":18}},"loc":{"start":{"line":5,"column":43},"end":{"line":44,"column":1}},"line":5},"1":{"name":"(anonymous_1)","decl":{"start":{"line":12,"column":4},"end":{"line":12,"column":5}},"loc":{"start":{"line":12,"column":29},"end":{"line":20,"column":5}},"line":12}},"branchMap":{},"s":{"0":1,"1":1,"2":1,"3":1,"4":1,"5":1},"f":{"0":1,"1":1},"b":{},"_coverageSchema":"1a1c01bbd47fc00a2c39e90264f33305004495a9","hash":"f873ba01e69552e1c62db6fe9088b1ae5197e098"}
,"/home/sipri/Hacktiv8-Bootcamp/Linguagram-Server/models/index.js": {"path":"/home/sipri/Hacktiv8-Bootcamp/Linguagram-Server/models/index.js","statementMap":{"0":{"start":{"line":3,"column":11},"end":{"line":3,"column":24}},"1":{"start":{"line":4,"column":13},"end":{"line":4,"column":28}},"2":{"start":{"line":5,"column":18},"end":{"line":5,"column":38}},"3":{"start":{"line":6,"column":16},"end":{"line":6,"column":34}},"4":{"start":{"line":7,"column":17},"end":{"line":7,"column":42}},"5":{"start":{"line":8,"column":12},"end":{"line":8,"column":49}},"6":{"start":{"line":9,"column":15},"end":{"line":9,"column":65}},"7":{"start":{"line":10,"column":11},"end":{"line":10,"column":13}},"8":{"start":{"line":13,"column":0},"end":{"line":17,"column":1}},"9":{"start":{"line":14,"column":2},"end":{"line":14,"column":74}},"10":{"start":{"line":16,"column":2},"end":{"line":16,"column":87}},"11":{"start":{"line":19,"column":0},"end":{"line":27,"column":5}},"12":{"start":{"line":22,"column":4},"end":{"line":22,"column":90}},"13":{"start":{"line":25,"column":18},"end":{"line":25,"column":85}},"14":{"start":{"line":26,"column":4},"end":{"line":26,"column":27}},"15":{"start":{"line":29,"column":0},"end":{"line":33,"column":3}},"16":{"start":{"line":30,"column":2},"end":{"line":32,"column":3}},"17":{"start":{"line":31,"column":4},"end":{"line":31,"column":32}},"18":{"start":{"line":35,"column":0},"end":{"line":35,"column":25}},"19":{"start":{"line":36,"column":0},"end":{"line":36,"column":25}},"20":{"start":{"line":38,"column":0},"end":{"line":38,"column":20}}},"fnMap":{"0":{"name":"(anonymous_0)","decl":{"start":{"line":21,"column":10},"end":{"line":21,"column":11}},"loc":{"start":{"line":21,"column":18},"end":{"line":23,"column":3}},"line":21},"1":{"name":"(anonymous_1)","decl":{"start":{"line":24,"column":11},"end":{"line":24,"column":12}},"loc":{"start":{"line":24,"column":19},"end":{"line":27,"column":3}},"line":24},"2":{"name":"(anonymous_2)","decl":{"start":{"line":29,"column":24},"end":{"line":29,"column":25}},"loc":{"start":{"line":29,"column":37},"end":{"line":33,"column":1}},"line":29}},"branchMap":{"0":{"loc":{"start":{"line":8,"column":12},"end":{"line":8,"column":49}},"type":"binary-expr","locations":[{"start":{"line":8,"column":12},"end":{"line":8,"column":32}},{"start":{"line":8,"column":36},"end":{"line":8,"column":49}}],"line":8},"1":{"loc":{"start":{"line":13,"column":0},"end":{"line":17,"column":1}},"type":"if","locations":[{"start":{"line":13,"column":0},"end":{"line":17,"column":1}},{"start":{"line":15,"column":7},"end":{"line":17,"column":1}}],"line":13},"2":{"loc":{"start":{"line":22,"column":11},"end":{"line":22,"column":89}},"type":"binary-expr","locations":[{"start":{"line":22,"column":12},"end":{"line":22,"column":35}},{"start":{"line":22,"column":41},"end":{"line":22,"column":58}},{"start":{"line":22,"column":64},"end":{"line":22,"column":88}}],"line":22},"3":{"loc":{"start":{"line":30,"column":2},"end":{"line":32,"column":3}},"type":"if","locations":[{"start":{"line":30,"column":2},"end":{"line":32,"column":3}},{"start":{},"end":{}}],"line":30}},"s":{"0":1,"1":1,"2":1,"3":1,"4":1,"5":1,"6":1,"7":1,"8":1,"9":0,"10":1,"11":1,"12":13,"13":12,"14":12,"15":1,"16":12,"17":12,"18":1,"19":1,"20":1},"f":{"0":13,"1":12,"2":12},"b":{"0":[1,0],"1":[0,1],"2":[13,13,12],"3":[12,0]},"_coverageSchema":"1a1c01bbd47fc00a2c39e90264f33305004495a9","hash":"d60df018d38812b902033867f864d15b4a9ed373"}
,"/home/sipri/Hacktiv8-Bootcamp/Linguagram-Server/models/interest.js": {"path":"/home/sipri/Hacktiv8-Bootcamp/Linguagram-Server/models/interest.js","statementMap":{"0":{"start":{"line":4,"column":4},"end":{"line":4,"column":24}},"1":{"start":{"line":5,"column":0},"end":{"line":29,"column":2}},"2":{"start":{"line":14,"column":6},"end":{"line":16,"column":9}},"3":{"start":{"line":19,"column":2},"end":{"line":27,"column":5}},"4":{"start":{"line":28,"column":2},"end":{"line":28,"column":18}}},"fnMap":{"0":{"name":"(anonymous_0)","decl":{"start":{"line":5,"column":17},"end":{"line":5,"column":18}},"loc":{"start":{"line":5,"column":43},"end":{"line":29,"column":1}},"line":5},"1":{"name":"(anonymous_1)","decl":{"start":{"line":12,"column":4},"end":{"line":12,"column":5}},"loc":{"start":{"line":12,"column":29},"end":{"line":17,"column":5}},"line":12}},"branchMap":{},"s":{"0":1,"1":1,"2":1,"3":1,"4":1},"f":{"0":1,"1":1},"b":{},"_coverageSchema":"1a1c01bbd47fc00a2c39e90264f33305004495a9","hash":"60f55153faa2a240f45f159f8772aee8d8b58487"}
,"/home/sipri/Hacktiv8-Bootcamp/Linguagram-Server/models/language.js": {"path":"/home/sipri/Hacktiv8-Bootcamp/Linguagram-Server/models/language.js","statementMap":{"0":{"start":{"line":4,"column":4},"end":{"line":4,"column":24}},"1":{"start":{"line":5,"column":0},"end":{"line":33,"column":2}},"2":{"start":{"line":14,"column":6},"end":{"line":16,"column":8}},"3":{"start":{"line":19,"column":2},"end":{"line":31,"column":5}},"4":{"start":{"line":32,"column":2},"end":{"line":32,"column":18}}},"fnMap":{"0":{"name":"(anonymous_0)","decl":{"start":{"line":5,"column":17},"end":{"line":5,"column":18}},"loc":{"start":{"line":5,"column":43},"end":{"line":33,"column":1}},"line":5},"1":{"name":"(anonymous_1)","decl":{"start":{"line":12,"column":4},"end":{"line":12,"column":5}},"loc":{"start":{"line":12,"column":29},"end":{"line":17,"column":5}},"line":12}},"branchMap":{},"s":{"0":1,"1":1,"2":1,"3":1,"4":1},"f":{"0":1,"1":1},"b":{},"_coverageSchema":"1a1c01bbd47fc00a2c39e90264f33305004495a9","hash":"004a25620906fb2a12c07f194560964b0931fec7"}
,"/home/sipri/Hacktiv8-Bootcamp/Linguagram-Server/models/media.js": {"path":"/home/sipri/Hacktiv8-Bootcamp/Linguagram-Server/models/media.js","statementMap":{"0":{"start":{"line":4,"column":4},"end":{"line":4,"column":24}},"1":{"start":{"line":5,"column":0},"end":{"line":53,"column":2}},"2":{"start":{"line":14,"column":6},"end":{"line":17,"column":8}},"3":{"start":{"line":18,"column":6},"end":{"line":20,"column":8}},"4":{"start":{"line":23,"column":2},"end":{"line":51,"column":5}},"5":{"start":{"line":52,"column":2},"end":{"line":52,"column":15}}},"fnMap":{"0":{"name":"(anonymous_0)","decl":{"start":{"line":5,"column":17},"end":{"line":5,"column":18}},"loc":{"start":{"line":5,"column":43},"end":{"line":53,"column":1}},"line":5},"1":{"name":"(anonymous_1)","decl":{"start":{"line":12,"column":4},"end":{"line":12,"column":5}},"loc":{"start":{"line":12,"column":29},"end":{"line":21,"column":5}},"line":12}},"branchMap":{},"s":{"0":1,"1":1,"2":1,"3":1,"4":1,"5":1},"f":{"0":1,"1":1},"b":{},"_coverageSchema":"1a1c01bbd47fc00a2c39e90264f33305004495a9","hash":"183e09fd58128688be2de3c265e89c9bee301c51"}
,"/home/sipri/Hacktiv8-Bootcamp/Linguagram-Server/models/message.js": {"path":"/home/sipri/Hacktiv8-Bootcamp/Linguagram-Server/models/message.js","statementMap":{"0":{"start":{"line":4,"column":4},"end":{"line":4,"column":24}},"1":{"start":{"line":5,"column":0},"end":{"line":53,"column":2}},"2":{"start":{"line":14,"column":6},"end":{"line":16,"column":8}},"3":{"start":{"line":17,"column":6},"end":{"line":19,"column":8}},"4":{"start":{"line":20,"column":6},"end":{"line":22,"column":8}},"5":{"start":{"line":25,"column":2},"end":{"line":51,"column":5}},"6":{"start":{"line":52,"column":2},"end":{"line":52,"column":17}}},"fnMap":{"0":{"name":"(anonymous_0)","decl":{"start":{"line":5,"column":17},"end":{"line":5,"column":18}},"loc":{"start":{"line":5,"column":43},"end":{"line":53,"column":1}},"line":5},"1":{"name":"(anonymous_1)","decl":{"start":{"line":12,"column":4},"end":{"line":12,"column":5}},"loc":{"start":{"line":12,"column":29},"end":{"line":23,"column":5}},"line":12}},"branchMap":{},"s":{"0":1,"1":1,"2":1,"3":1,"4":1,"5":1,"6":1},"f":{"0":1,"1":1},"b":{},"_coverageSchema":"1a1c01bbd47fc00a2c39e90264f33305004495a9","hash":"6536cbe5cea362c37b998b87cff5e24764d4a16c"}
,"/home/sipri/Hacktiv8-Bootcamp/Linguagram-Server/models/schedule.js": {"path":"/home/sipri/Hacktiv8-Bootcamp/Linguagram-Server/models/schedule.js","statementMap":{"0":{"start":{"line":4,"column":4},"end":{"line":4,"column":24}},"1":{"start":{"line":5,"column":0},"end":{"line":49,"column":2}},"2":{"start":{"line":14,"column":6},"end":{"line":16,"column":8}},"3":{"start":{"line":19,"column":2},"end":{"line":47,"column":5}},"4":{"start":{"line":48,"column":2},"end":{"line":48,"column":18}}},"fnMap":{"0":{"name":"(anonymous_0)","decl":{"start":{"line":5,"column":17},"end":{"line":5,"column":18}},"loc":{"start":{"line":5,"column":43},"end":{"line":49,"column":1}},"line":5},"1":{"name":"(anonymous_1)","decl":{"start":{"line":12,"column":4},"end":{"line":12,"column":5}},"loc":{"start":{"line":12,"column":29},"end":{"line":17,"column":5}},"line":12}},"branchMap":{},"s":{"0":1,"1":1,"2":1,"3":1,"4":1},"f":{"0":1,"1":1},"b":{},"_coverageSchema":"1a1c01bbd47fc00a2c39e90264f33305004495a9","hash":"5c80b1f7a64e2a93fc7491dbad723985f24df483"}
,"/home/sipri/Hacktiv8-Bootcamp/Linguagram-Server/models/user.js": {"path":"/home/sipri/Hacktiv8-Bootcamp/Linguagram-Server/models/user.js","statementMap":{"0":{"start":{"line":5,"column":4},"end":{"line":5,"column":24}},"1":{"start":{"line":7,"column":23},"end":{"line":7,"column":53}},"2":{"start":{"line":9,"column":0},"end":{"line":96,"column":2}},"3":{"start":{"line":18,"column":6},"end":{"line":20,"column":8}},"4":{"start":{"line":21,"column":6},"end":{"line":23,"column":8}},"5":{"start":{"line":24,"column":6},"end":{"line":26,"column":8}},"6":{"start":{"line":27,"column":6},"end":{"line":29,"column":8}},"7":{"start":{"line":30,"column":6},"end":{"line":33,"column":8}},"8":{"start":{"line":34,"column":6},"end":{"line":36,"column":8}},"9":{"start":{"line":37,"column":6},"end":{"line":39,"column":8}},"10":{"start":{"line":40,"column":6},"end":{"line":42,"column":8}},"11":{"start":{"line":45,"column":2},"end":{"line":85,"column":5}},"12":{"start":{"line":87,"column":2},"end":{"line":89,"column":5}},"13":{"start":{"line":88,"column":4},"end":{"line":88,"column":47}},"14":{"start":{"line":91,"column":2},"end":{"line":93,"column":5}},"15":{"start":{"line":92,"column":4},"end":{"line":92,"column":66}},"16":{"start":{"line":92,"column":23},"end":{"line":92,"column":66}},"17":{"start":{"line":95,"column":2},"end":{"line":95,"column":14}}},"fnMap":{"0":{"name":"(anonymous_0)","decl":{"start":{"line":9,"column":17},"end":{"line":9,"column":18}},"loc":{"start":{"line":9,"column":43},"end":{"line":96,"column":1}},"line":9},"1":{"name":"(anonymous_1)","decl":{"start":{"line":16,"column":4},"end":{"line":16,"column":5}},"loc":{"start":{"line":16,"column":29},"end":{"line":43,"column":5}},"line":16},"2":{"name":"(anonymous_2)","decl":{"start":{"line":87,"column":31},"end":{"line":87,"column":32}},"loc":{"start":{"line":87,"column":50},"end":{"line":89,"column":3}},"line":87},"3":{"name":"(anonymous_3)","decl":{"start":{"line":91,"column":31},"end":{"line":91,"column":32}},"loc":{"start":{"line":91,"column":50},"end":{"line":93,"column":3}},"line":91}},"branchMap":{"0":{"loc":{"start":{"line":92,"column":4},"end":{"line":92,"column":66}},"type":"if","locations":[{"start":{"line":92,"column":4},"end":{"line":92,"column":66}},{"start":{},"end":{}}],"line":92}},"s":{"0":1,"1":1,"2":1,"3":1,"4":1,"5":1,"6":1,"7":1,"8":1,"9":1,"10":1,"11":1,"12":1,"13":2,"14":1,"15":0,"16":0,"17":1},"f":{"0":1,"1":1,"2":2,"3":0},"b":{"0":[0,0]},"_coverageSchema":"1a1c01bbd47fc00a2c39e90264f33305004495a9","hash":"5d41485a041d94bf5aca65162597d17d7a04a22d"}
,"/home/sipri/Hacktiv8-Bootcamp/Linguagram-Server/models/userinterest.js": {"path":"/home/sipri/Hacktiv8-Bootcamp/Linguagram-Server/models/userinterest.js","statementMap":{"0":{"start":{"line":4,"column":4},"end":{"line":4,"column":24}},"1":{"start":{"line":5,"column":0},"end":{"line":44,"column":2}},"2":{"start":{"line":14,"column":6},"end":{"line":16,"column":9}},"3":{"start":{"line":17,"column":6},"end":{"line":19,"column":9}},"4":{"start":{"line":22,"column":2},"end":{"line":42,"column":5}},"5":{"start":{"line":43,"column":2},"end":{"line":43,"column":22}}},"fnMap":{"0":{"name":"(anonymous_0)","decl":{"start":{"line":5,"column":17},"end":{"line":5,"column":18}},"loc":{"start":{"line":5,"column":43},"end":{"line":44,"column":1}},"line":5},"1":{"name":"(anonymous_1)","decl":{"start":{"line":12,"column":4},"end":{"line":12,"column":5}},"loc":{"start":{"line":12,"column":29},"end":{"line":20,"column":5}},"line":12}},"branchMap":{},"s":{"0":1,"1":1,"2":1,"3":1,"4":1,"5":1},"f":{"0":1,"1":1},"b":{},"_coverageSchema":"1a1c01bbd47fc00a2c39e90264f33305004495a9","hash":"ace0d936f5d982577a6aa2e82421ad451768749c"}
,"/home/sipri/Hacktiv8-Bootcamp/Linguagram-Server/models/userlanguage.js": {"path":"/home/sipri/Hacktiv8-Bootcamp/Linguagram-Server/models/userlanguage.js","statementMap":{"0":{"start":{"line":4,"column":4},"end":{"line":4,"column":24}},"1":{"start":{"line":6,"column":0},"end":{"line":62,"column":2}},"2":{"start":{"line":15,"column":6},"end":{"line":17,"column":8}},"3":{"start":{"line":18,"column":6},"end":{"line":20,"column":8}},"4":{"start":{"line":24,"column":2},"end":{"line":59,"column":7}},"5":{"start":{"line":33,"column":31},"end":{"line":33,"column":53}},"6":{"start":{"line":34,"column":10},"end":{"line":36,"column":11}},"7":{"start":{"line":35,"column":12},"end":{"line":35,"column":61}},"8":{"start":{"line":61,"column":2},"end":{"line":61,"column":22}}},"fnMap":{"0":{"name":"(anonymous_0)","decl":{"start":{"line":6,"column":17},"end":{"line":6,"column":18}},"loc":{"start":{"line":6,"column":43},"end":{"line":62,"column":1}},"line":6},"1":{"name":"(anonymous_1)","decl":{"start":{"line":13,"column":4},"end":{"line":13,"column":5}},"loc":{"start":{"line":13,"column":29},"end":{"line":21,"column":5}},"line":13},"2":{"name":"(anonymous_2)","decl":{"start":{"line":31,"column":8},"end":{"line":31,"column":9}},"loc":{"start":{"line":31,"column":20},"end":{"line":37,"column":9}},"line":31}},"branchMap":{"0":{"loc":{"start":{"line":34,"column":10},"end":{"line":36,"column":11}},"type":"if","locations":[{"start":{"line":34,"column":10},"end":{"line":36,"column":11}},{"start":{},"end":{}}],"line":34}},"s":{"0":1,"1":1,"2":1,"3":1,"4":1,"5":0,"6":0,"7":0,"8":1},"f":{"0":1,"1":1,"2":0},"b":{"0":[0,0]},"_coverageSchema":"1a1c01bbd47fc00a2c39e90264f33305004495a9","hash":"46d5d2f4aa38432aa80033687c68471fb51018de"}
,"/home/sipri/Hacktiv8-Bootcamp/Linguagram-Server/models/userschedule.js": {"path":"/home/sipri/Hacktiv8-Bootcamp/Linguagram-Server/models/userschedule.js","statementMap":{"0":{"start":{"line":4,"column":4},"end":{"line":4,"column":24}},"1":{"start":{"line":5,"column":0},"end":{"line":38,"column":2}},"2":{"start":{"line":16,"column":2},"end":{"line":36,"column":5}},"3":{"start":{"line":37,"column":2},"end":{"line":37,"column":22}}},"fnMap":{"0":{"name":"(anonymous_0)","decl":{"start":{"line":5,"column":17},"end":{"line":5,"column":18}},"loc":{"start":{"line":5,"column":43},"end":{"line":38,"column":1}},"line":5},"1":{"name":"(anonymous_1)","decl":{"start":{"line":12,"column":4},"end":{"line":12,"column":5}},"loc":{"start":{"line":12,"column":29},"end":{"line":14,"column":5}},"line":12}},"branchMap":{},"s":{"0":1,"1":1,"2":1,"3":1},"f":{"0":1,"1":1},"b":{},"_coverageSchema":"1a1c01bbd47fc00a2c39e90264f33305004495a9","hash":"b3febce7c722ad67229f7719ad39e92a24508e3d"}
,"/home/sipri/Hacktiv8-Bootcamp/Linguagram-Server/routes/friends.js": {"path":"/home/sipri/Hacktiv8-Bootcamp/Linguagram-Server/routes/friends.js","statementMap":{"0":{"start":{"line":3,"column":15},"end":{"line":3,"column":42}},"1":{"start":{"line":9,"column":4},"end":{"line":9,"column":24}},"2":{"start":{"line":14,"column":4},"end":{"line":14,"column":33}},"3":{"start":{"line":20,"column":4},"end":{"line":20,"column":25}},"4":{"start":{"line":24,"column":4},"end":{"line":24,"column":31}},"5":{"start":{"line":29,"column":4},"end":{"line":29,"column":38}},"6":{"start":{"line":34,"column":0},"end":{"line":42,"column":3}},"7":{"start":{"line":35,"column":2},"end":{"line":41,"column":3}},"8":{"start":{"line":36,"column":20},"end":{"line":36,"column":88}},"9":{"start":{"line":38,"column":4},"end":{"line":38,"column":34}},"10":{"start":{"line":40,"column":4},"end":{"line":40,"column":14}},"11":{"start":{"line":45,"column":0},"end":{"line":76,"column":3}},"12":{"start":{"line":46,"column":2},"end":{"line":75,"column":3}},"13":{"start":{"line":47,"column":19},"end":{"line":47,"column":71}},"14":{"start":{"line":49,"column":4},"end":{"line":52,"column":6}},"15":{"start":{"line":49,"column":17},"end":{"line":52,"column":6}},"16":{"start":{"line":54,"column":26},"end":{"line":54,"column":108}},"17":{"start":{"line":56,"column":4},"end":{"line":61,"column":5}},"18":{"start":{"line":57,"column":6},"end":{"line":60,"column":8}},"19":{"start":{"line":63,"column":22},"end":{"line":66,"column":6}},"20":{"start":{"line":68,"column":4},"end":{"line":68,"column":45}},"21":{"start":{"line":70,"column":4},"end":{"line":70,"column":36}},"22":{"start":{"line":72,"column":4},"end":{"line":72,"column":41}},"23":{"start":{"line":74,"column":4},"end":{"line":74,"column":14}},"24":{"start":{"line":79,"column":0},"end":{"line":100,"column":3}},"25":{"start":{"line":80,"column":2},"end":{"line":99,"column":3}},"26":{"start":{"line":81,"column":23},"end":{"line":81,"column":129}},"27":{"start":{"line":83,"column":4},"end":{"line":88,"column":5}},"28":{"start":{"line":84,"column":6},"end":{"line":87,"column":8}},"29":{"start":{"line":90,"column":4},"end":{"line":90,"column":33}},"30":{"start":{"line":92,"column":4},"end":{"line":92,"column":28}},"31":{"start":{"line":94,"column":4},"end":{"line":94,"column":37}},"32":{"start":{"line":96,"column":4},"end":{"line":96,"column":55}},"33":{"start":{"line":98,"column":4},"end":{"line":98,"column":14}},"34":{"start":{"line":102,"column":0},"end":{"line":123,"column":3}},"35":{"start":{"line":103,"column":2},"end":{"line":122,"column":3}},"36":{"start":{"line":104,"column":23},"end":{"line":104,"column":129}},"37":{"start":{"line":106,"column":4},"end":{"line":111,"column":5}},"38":{"start":{"line":107,"column":6},"end":{"line":110,"column":8}},"39":{"start":{"line":113,"column":4},"end":{"line":113,"column":33}},"40":{"start":{"line":115,"column":4},"end":{"line":115,"column":28}},"41":{"start":{"line":117,"column":4},"end":{"line":117,"column":37}},"42":{"start":{"line":119,"column":4},"end":{"line":119,"column":121}},"43":{"start":{"line":121,"column":4},"end":{"line":121,"column":14}},"44":{"start":{"line":127,"column":0},"end":{"line":127,"column":24}}},"fnMap":{"0":{"name":"(anonymous_0)","decl":{"start":{"line":34,"column":23},"end":{"line":34,"column":24}},"loc":{"start":{"line":34,"column":49},"end":{"line":42,"column":1}},"line":34},"1":{"name":"(anonymous_1)","decl":{"start":{"line":45,"column":34},"end":{"line":45,"column":35}},"loc":{"start":{"line":45,"column":60},"end":{"line":76,"column":1}},"line":45},"2":{"name":"(anonymous_2)","decl":{"start":{"line":79,"column":37},"end":{"line":79,"column":38}},"loc":{"start":{"line":79,"column":63},"end":{"line":100,"column":1}},"line":79},"3":{"name":"(anonymous_3)","decl":{"start":{"line":102,"column":40},"end":{"line":102,"column":41}},"loc":{"start":{"line":102,"column":66},"end":{"line":123,"column":1}},"line":102}},"branchMap":{"0":{"loc":{"start":{"line":49,"column":4},"end":{"line":52,"column":6}},"type":"if","locations":[{"start":{"line":49,"column":4},"end":{"line":52,"column":6}},{"start":{},"end":{}}],"line":49},"1":{"loc":{"start":{"line":56,"column":4},"end":{"line":61,"column":5}},"type":"if","locations":[{"start":{"line":56,"column":4},"end":{"line":61,"column":5}},{"start":{},"end":{}}],"line":56},"2":{"loc":{"start":{"line":83,"column":4},"end":{"line":88,"column":5}},"type":"if","locations":[{"start":{"line":83,"column":4},"end":{"line":88,"column":5}},{"start":{},"end":{}}],"line":83},"3":{"loc":{"start":{"line":106,"column":4},"end":{"line":111,"column":5}},"type":"if","locations":[{"start":{"line":106,"column":4},"end":{"line":111,"column":5}},{"start":{},"end":{}}],"line":106},"4":{"loc":{"start":{"line":119,"column":25},"end":{"line":119,"column":107}},"type":"cond-expr","locations":[{"start":{"line":119,"column":66},"end":{"line":119,"column":86}},{"start":{"line":119,"column":89},"end":{"line":119,"column":107}}],"line":119}},"s":{"0":1,"1":1,"2":1,"3":1,"4":1,"5":1,"6":1,"7":0,"8":0,"9":0,"10":0,"11":1,"12":0,"13":0,"14":0,"15":0,"16":0,"17":0,"18":0,"19":0,"20":0,"21":0,"22":0,"23":0,"24":1,"25":0,"26":0,"27":0,"28":0,"29":0,"30":0,"31":0,"32":0,"33":0,"34":1,"35":0,"36":0,"37":0,"38":0,"39":0,"40":0,"41":0,"42":0,"43":0,"44":1},"f":{"0":0,"1":0,"2":0,"3":0},"b":{"0":[0,0],"1":[0,0],"2":[0,0],"3":[0,0],"4":[0,0]},"_coverageSchema":"1a1c01bbd47fc00a2c39e90264f33305004495a9","hash":"df07dd2bb3989c6b168aaa99c4e95394ce19101a"}
,"/home/sipri/Hacktiv8-Bootcamp/Linguagram-Server/routes/groups.js": {"path":"/home/sipri/Hacktiv8-Bootcamp/Linguagram-Server/routes/groups.js","statementMap":{"0":{"start":{"line":3,"column":15},"end":{"line":3,"column":42}},"1":{"start":{"line":7,"column":19},"end":{"line":7,"column":44}},"2":{"start":{"line":12,"column":4},"end":{"line":12,"column":24}},"3":{"start":{"line":17,"column":4},"end":{"line":17,"column":33}},"4":{"start":{"line":25,"column":4},"end":{"line":25,"column":25}},"5":{"start":{"line":34,"column":4},"end":{"line":34,"column":31}},"6":{"start":{"line":38,"column":0},"end":{"line":52,"column":3}},"7":{"start":{"line":39,"column":2},"end":{"line":51,"column":3}},"8":{"start":{"line":41,"column":20},"end":{"line":41,"column":55}},"9":{"start":{"line":44,"column":25},"end":{"line":44,"column":60}},"10":{"start":{"line":46,"column":21},"end":{"line":46,"column":47}},"11":{"start":{"line":48,"column":4},"end":{"line":48,"column":35}},"12":{"start":{"line":50,"column":4},"end":{"line":50,"column":14}},"13":{"start":{"line":54,"column":0},"end":{"line":96,"column":3}},"14":{"start":{"line":55,"column":2},"end":{"line":95,"column":3}},"15":{"start":{"line":56,"column":20},"end":{"line":56,"column":55}},"16":{"start":{"line":58,"column":25},"end":{"line":58,"column":60}},"17":{"start":{"line":60,"column":26},"end":{"line":60,"column":47}},"18":{"start":{"line":64,"column":8},"end":{"line":64,"column":16}},"19":{"start":{"line":66,"column":4},"end":{"line":71,"column":5}},"20":{"start":{"line":67,"column":6},"end":{"line":70,"column":8}},"21":{"start":{"line":73,"column":26},"end":{"line":77,"column":5}},"22":{"start":{"line":79,"column":4},"end":{"line":81,"column":5}},"23":{"start":{"line":80,"column":6},"end":{"line":80,"column":47}},"24":{"start":{"line":83,"column":23},"end":{"line":83,"column":58}},"25":{"start":{"line":84,"column":4},"end":{"line":84,"column":46}},"26":{"start":{"line":86,"column":4},"end":{"line":88,"column":5}},"27":{"start":{"line":87,"column":6},"end":{"line":87,"column":50}},"28":{"start":{"line":90,"column":4},"end":{"line":90,"column":42}},"29":{"start":{"line":92,"column":4},"end":{"line":92,"column":37}},"30":{"start":{"line":94,"column":4},"end":{"line":94,"column":14}},"31":{"start":{"line":98,"column":0},"end":{"line":114,"column":3}},"32":{"start":{"line":99,"column":2},"end":{"line":113,"column":3}},"33":{"start":{"line":101,"column":20},"end":{"line":101,"column":55}},"34":{"start":{"line":104,"column":25},"end":{"line":104,"column":60}},"35":{"start":{"line":106,"column":22},"end":{"line":106,"column":61}},"36":{"start":{"line":108,"column":20},"end":{"line":108,"column":56}},"37":{"start":{"line":110,"column":4},"end":{"line":110,"column":34}},"38":{"start":{"line":112,"column":4},"end":{"line":112,"column":14}},"39":{"start":{"line":116,"column":0},"end":{"line":161,"column":3}},"40":{"start":{"line":117,"column":2},"end":{"line":160,"column":3}},"41":{"start":{"line":119,"column":20},"end":{"line":119,"column":55}},"42":{"start":{"line":120,"column":22},"end":{"line":120,"column":61}},"43":{"start":{"line":122,"column":25},"end":{"line":122,"column":60}},"44":{"start":{"line":124,"column":20},"end":{"line":124,"column":56}},"45":{"start":{"line":126,"column":26},"end":{"line":126,"column":47}},"46":{"start":{"line":130,"column":8},"end":{"line":130,"column":16}},"47":{"start":{"line":132,"column":4},"end":{"line":137,"column":5}},"48":{"start":{"line":133,"column":6},"end":{"line":136,"column":8}},"49":{"start":{"line":139,"column":4},"end":{"line":141,"column":5}},"50":{"start":{"line":140,"column":6},"end":{"line":140,"column":41}},"51":{"start":{"line":143,"column":4},"end":{"line":143,"column":30}},"52":{"start":{"line":145,"column":4},"end":{"line":145,"column":25}},"53":{"start":{"line":147,"column":4},"end":{"line":147,"column":43}},"54":{"start":{"line":149,"column":4},"end":{"line":151,"column":5}},"55":{"start":{"line":150,"column":6},"end":{"line":150,"column":47}},"56":{"start":{"line":153,"column":4},"end":{"line":153,"column":26}},"57":{"start":{"line":155,"column":4},"end":{"line":155,"column":39}},"58":{"start":{"line":157,"column":4},"end":{"line":157,"column":34}},"59":{"start":{"line":159,"column":4},"end":{"line":159,"column":14}},"60":{"start":{"line":163,"column":0},"end":{"line":192,"column":3}},"61":{"start":{"line":164,"column":2},"end":{"line":191,"column":3}},"62":{"start":{"line":166,"column":20},"end":{"line":166,"column":55}},"63":{"start":{"line":167,"column":22},"end":{"line":167,"column":61}},"64":{"start":{"line":169,"column":20},"end":{"line":169,"column":56}},"65":{"start":{"line":170,"column":4},"end":{"line":175,"column":5}},"66":{"start":{"line":171,"column":6},"end":{"line":174,"column":8}},"67":{"start":{"line":176,"column":25},"end":{"line":176,"column":60}},"68":{"start":{"line":178,"column":4},"end":{"line":178,"column":27}},"69":{"start":{"line":179,"column":4},"end":{"line":179,"column":25}},"70":{"start":{"line":181,"column":21},"end":{"line":184,"column":5}},"71":{"start":{"line":186,"column":4},"end":{"line":186,"column":42}},"72":{"start":{"line":188,"column":4},"end":{"line":188,"column":35}},"73":{"start":{"line":190,"column":4},"end":{"line":190,"column":14}},"74":{"start":{"line":195,"column":0},"end":{"line":203,"column":3}},"75":{"start":{"line":196,"column":2},"end":{"line":202,"column":3}},"76":{"start":{"line":197,"column":25},"end":{"line":197,"column":73}},"77":{"start":{"line":199,"column":4},"end":{"line":199,"column":59}},"78":{"start":{"line":199,"column":48},"end":{"line":199,"column":56}},"79":{"start":{"line":201,"column":4},"end":{"line":201,"column":14}},"80":{"start":{"line":206,"column":0},"end":{"line":214,"column":3}},"81":{"start":{"line":207,"column":2},"end":{"line":213,"column":3}},"82":{"start":{"line":208,"column":27},"end":{"line":208,"column":35}},"83":{"start":{"line":212,"column":4},"end":{"line":212,"column":14}},"84":{"start":{"line":218,"column":0},"end":{"line":242,"column":3}},"85":{"start":{"line":219,"column":2},"end":{"line":241,"column":3}},"86":{"start":{"line":220,"column":18},"end":{"line":220,"column":69}},"87":{"start":{"line":222,"column":26},"end":{"line":222,"column":69}},"88":{"start":{"line":224,"column":4},"end":{"line":227,"column":6}},"89":{"start":{"line":224,"column":23},"end":{"line":227,"column":6}},"90":{"start":{"line":229,"column":22},"end":{"line":232,"column":6}},"91":{"start":{"line":234,"column":20},"end":{"line":234,"column":56}},"92":{"start":{"line":236,"column":4},"end":{"line":236,"column":36}},"93":{"start":{"line":238,"column":4},"end":{"line":238,"column":38}},"94":{"start":{"line":240,"column":4},"end":{"line":240,"column":14}},"95":{"start":{"line":245,"column":0},"end":{"line":271,"column":3}},"96":{"start":{"line":246,"column":2},"end":{"line":270,"column":3}},"97":{"start":{"line":247,"column":20},"end":{"line":247,"column":55}},"98":{"start":{"line":248,"column":24},"end":{"line":253,"column":6}},"99":{"start":{"line":255,"column":4},"end":{"line":260,"column":5}},"100":{"start":{"line":256,"column":6},"end":{"line":259,"column":8}},"101":{"start":{"line":262,"column":4},"end":{"line":262,"column":32}},"102":{"start":{"line":263,"column":20},"end":{"line":263,"column":55}},"103":{"start":{"line":265,"column":4},"end":{"line":265,"column":38}},"104":{"start":{"line":267,"column":4},"end":{"line":267,"column":41}},"105":{"start":{"line":269,"column":4},"end":{"line":269,"column":14}},"106":{"start":{"line":273,"column":0},"end":{"line":293,"column":3}},"107":{"start":{"line":274,"column":2},"end":{"line":292,"column":3}},"108":{"start":{"line":276,"column":20},"end":{"line":276,"column":55}},"109":{"start":{"line":279,"column":25},"end":{"line":279,"column":60}},"110":{"start":{"line":281,"column":18},"end":{"line":281,"column":41}},"111":{"start":{"line":283,"column":21},"end":{"line":283,"column":29}},"112":{"start":{"line":285,"column":4},"end":{"line":285,"column":22}},"113":{"start":{"line":287,"column":4},"end":{"line":287,"column":21}},"114":{"start":{"line":289,"column":4},"end":{"line":289,"column":32}},"115":{"start":{"line":291,"column":4},"end":{"line":291,"column":14}},"116":{"start":{"line":297,"column":0},"end":{"line":297,"column":24}}},"fnMap":{"0":{"name":"(anonymous_0)","decl":{"start":{"line":38,"column":40},"end":{"line":38,"column":41}},"loc":{"start":{"line":38,"column":66},"end":{"line":52,"column":1}},"line":38},"1":{"name":"(anonymous_1)","decl":{"start":{"line":54,"column":70},"end":{"line":54,"column":71}},"loc":{"start":{"line":54,"column":96},"end":{"line":96,"column":1}},"line":54},"2":{"name":"(anonymous_2)","decl":{"start":{"line":98,"column":51},"end":{"line":98,"column":52}},"loc":{"start":{"line":98,"column":77},"end":{"line":114,"column":1}},"line":98},"3":{"name":"(anonymous_3)","decl":{"start":{"line":116,"column":80},"end":{"line":116,"column":81}},"loc":{"start":{"line":116,"column":106},"end":{"line":161,"column":1}},"line":116},"4":{"name":"(anonymous_4)","decl":{"start":{"line":163,"column":54},"end":{"line":163,"column":55}},"loc":{"start":{"line":163,"column":80},"end":{"line":192,"column":1}},"line":163},"5":{"name":"(anonymous_5)","decl":{"start":{"line":195,"column":22},"end":{"line":195,"column":23}},"loc":{"start":{"line":195,"column":48},"end":{"line":203,"column":1}},"line":195},"6":{"name":"(anonymous_6)","decl":{"start":{"line":199,"column":42},"end":{"line":199,"column":43}},"loc":{"start":{"line":199,"column":48},"end":{"line":199,"column":56}},"line":199},"7":{"name":"(anonymous_7)","decl":{"start":{"line":206,"column":23},"end":{"line":206,"column":24}},"loc":{"start":{"line":206,"column":49},"end":{"line":214,"column":1}},"line":206},"8":{"name":"(anonymous_8)","decl":{"start":{"line":218,"column":37},"end":{"line":218,"column":38}},"loc":{"start":{"line":218,"column":63},"end":{"line":242,"column":1}},"line":218},"9":{"name":"(anonymous_9)","decl":{"start":{"line":245,"column":38},"end":{"line":245,"column":39}},"loc":{"start":{"line":245,"column":64},"end":{"line":271,"column":1}},"line":245},"10":{"name":"(anonymous_10)","decl":{"start":{"line":273,"column":31},"end":{"line":273,"column":32}},"loc":{"start":{"line":273,"column":57},"end":{"line":293,"column":1}},"line":273}},"branchMap":{"0":{"loc":{"start":{"line":66,"column":4},"end":{"line":71,"column":5}},"type":"if","locations":[{"start":{"line":66,"column":4},"end":{"line":71,"column":5}},{"start":{},"end":{}}],"line":66},"1":{"loc":{"start":{"line":66,"column":8},"end":{"line":66,"column":34}},"type":"binary-expr","locations":[{"start":{"line":66,"column":8},"end":{"line":66,"column":16}},{"start":{"line":66,"column":20},"end":{"line":66,"column":34}}],"line":66},"2":{"loc":{"start":{"line":79,"column":4},"end":{"line":81,"column":5}},"type":"if","locations":[{"start":{"line":79,"column":4},"end":{"line":81,"column":5}},{"start":{},"end":{}}],"line":79},"3":{"loc":{"start":{"line":86,"column":4},"end":{"line":88,"column":5}},"type":"if","locations":[{"start":{"line":86,"column":4},"end":{"line":88,"column":5}},{"start":{},"end":{}}],"line":86},"4":{"loc":{"start":{"line":132,"column":4},"end":{"line":137,"column":5}},"type":"if","locations":[{"start":{"line":132,"column":4},"end":{"line":137,"column":5}},{"start":{},"end":{}}],"line":132},"5":{"loc":{"start":{"line":132,"column":8},"end":{"line":132,"column":34}},"type":"binary-expr","locations":[{"start":{"line":132,"column":8},"end":{"line":132,"column":16}},{"start":{"line":132,"column":20},"end":{"line":132,"column":34}}],"line":132},"6":{"loc":{"start":{"line":139,"column":4},"end":{"line":141,"column":5}},"type":"if","locations":[{"start":{"line":139,"column":4},"end":{"line":141,"column":5}},{"start":{},"end":{}}],"line":139},"7":{"loc":{"start":{"line":149,"column":4},"end":{"line":151,"column":5}},"type":"if","locations":[{"start":{"line":149,"column":4},"end":{"line":151,"column":5}},{"start":{},"end":{}}],"line":149},"8":{"loc":{"start":{"line":170,"column":4},"end":{"line":175,"column":5}},"type":"if","locations":[{"start":{"line":170,"column":4},"end":{"line":175,"column":5}},{"start":{},"end":{}}],"line":170},"9":{"loc":{"start":{"line":224,"column":4},"end":{"line":227,"column":6}},"type":"if","locations":[{"start":{"line":224,"column":4},"end":{"line":227,"column":6}},{"start":{},"end":{}}],"line":224},"10":{"loc":{"start":{"line":255,"column":4},"end":{"line":260,"column":5}},"type":"if","locations":[{"start":{"line":255,"column":4},"end":{"line":260,"column":5}},{"start":{},"end":{}}],"line":255}},"s":{"0":1,"1":1,"2":1,"3":1,"4":1,"5":1,"6":1,"7":1,"8":1,"9":1,"10":1,"11":1,"12":0,"13":1,"14":1,"15":1,"16":1,"17":0,"18":0,"19":0,"20":0,"21":0,"22":0,"23":0,"24":0,"25":0,"26":0,"27":0,"28":0,"29":0,"30":1,"31":1,"32":0,"33":0,"34":0,"35":0,"36":0,"37":0,"38":0,"39":1,"40":0,"41":0,"42":0,"43":0,"44":0,"45":0,"46":0,"47":0,"48":0,"49":0,"50":0,"51":0,"52":0,"53":0,"54":0,"55":0,"56":0,"57":0,"58":0,"59":0,"60":1,"61":0,"62":0,"63":0,"64":0,"65":0,"66":0,"67":0,"68":0,"69":0,"70":0,"71":0,"72":0,"73":0,"74":1,"75":0,"76":0,"77":0,"78":0,"79":0,"80":1,"81":0,"82":0,"83":0,"84":1,"85":0,"86":0,"87":0,"88":0,"89":0,"90":0,"91":0,"92":0,"93":0,"94":0,"95":1,"96":0,"97":0,"98":0,"99":0,"100":0,"101":0,"102":0,"103":0,"104":0,"105":0,"106":1,"107":0,"108":0,"109":0,"110":0,"111":0,"112":0,"113":0,"114":0,"115":0,"116":1},"f":{"0":1,"1":1,"2":0,"3":0,"4":0,"5":0,"6":0,"7":0,"8":0,"9":0,"10":0},"b":{"0":[0,0],"1":[0,0],"2":[0,0],"3":[0,0],"4":[0,0],"5":[0,0],"6":[0,0],"7":[0,0],"8":[0,0],"9":[0,0],"10":[0,0]},"_coverageSchema":"1a1c01bbd47fc00a2c39e90264f33305004495a9","hash":"8dc4c575718ac08be428426e7ad409c546faa42f"}
,"/home/sipri/Hacktiv8-Bootcamp/Linguagram-Server/routes/index.js": {"path":"/home/sipri/Hacktiv8-Bootcamp/Linguagram-Server/routes/index.js","statementMap":{"0":{"start":{"line":3,"column":15},"end":{"line":3,"column":42}},"1":{"start":{"line":4,"column":27},"end":{"line":4,"column":67}},"2":{"start":{"line":5,"column":19},"end":{"line":5,"column":44}},"3":{"start":{"line":7,"column":19},"end":{"line":7,"column":42}},"4":{"start":{"line":8,"column":21},"end":{"line":8,"column":40}},"5":{"start":{"line":9,"column":22},"end":{"line":9,"column":42}},"6":{"start":{"line":13,"column":19},"end":{"line":13,"column":44}},"7":{"start":{"line":17,"column":4},"end":{"line":17,"column":24}},"8":{"start":{"line":19,"column":23},"end":{"line":19,"column":56}},"9":{"start":{"line":23,"column":4},"end":{"line":23,"column":31}},"10":{"start":{"line":27,"column":4},"end":{"line":27,"column":33}},"11":{"start":{"line":29,"column":18},"end":{"line":29,"column":45}},"12":{"start":{"line":33,"column":0},"end":{"line":33,"column":22}},"13":{"start":{"line":34,"column":0},"end":{"line":34,"column":26}},"14":{"start":{"line":36,"column":0},"end":{"line":59,"column":3}},"15":{"start":{"line":37,"column":2},"end":{"line":58,"column":3}},"16":{"start":{"line":38,"column":4},"end":{"line":43,"column":5}},"17":{"start":{"line":39,"column":6},"end":{"line":42,"column":8}},"18":{"start":{"line":45,"column":22},"end":{"line":45,"column":52}},"19":{"start":{"line":47,"column":17},"end":{"line":47,"column":47}},"20":{"start":{"line":49,"column":4},"end":{"line":49,"column":33}},"21":{"start":{"line":51,"column":4},"end":{"line":51,"column":22}},"22":{"start":{"line":53,"column":4},"end":{"line":53,"column":39}},"23":{"start":{"line":55,"column":4},"end":{"line":55,"column":31}},"24":{"start":{"line":57,"column":4},"end":{"line":57,"column":14}},"25":{"start":{"line":62,"column":0},"end":{"line":74,"column":3}},"26":{"start":{"line":63,"column":2},"end":{"line":73,"column":3}},"27":{"start":{"line":64,"column":17},"end":{"line":64,"column":47}},"28":{"start":{"line":66,"column":4},"end":{"line":66,"column":25}},"29":{"start":{"line":68,"column":4},"end":{"line":68,"column":22}},"30":{"start":{"line":70,"column":4},"end":{"line":70,"column":31}},"31":{"start":{"line":72,"column":4},"end":{"line":72,"column":14}},"32":{"start":{"line":77,"column":0},"end":{"line":77,"column":25}},"33":{"start":{"line":80,"column":0},"end":{"line":94,"column":3}},"34":{"start":{"line":81,"column":2},"end":{"line":93,"column":3}},"35":{"start":{"line":82,"column":17},"end":{"line":82,"column":65}},"36":{"start":{"line":83,"column":4},"end":{"line":88,"column":5}},"37":{"start":{"line":84,"column":6},"end":{"line":87,"column":8}},"38":{"start":{"line":90,"column":4},"end":{"line":90,"column":31}},"39":{"start":{"line":92,"column":4},"end":{"line":92,"column":14}},"40":{"start":{"line":97,"column":0},"end":{"line":105,"column":3}},"41":{"start":{"line":98,"column":2},"end":{"line":104,"column":3}},"42":{"start":{"line":99,"column":22},"end":{"line":99,"column":46}},"43":{"start":{"line":101,"column":4},"end":{"line":101,"column":36}},"44":{"start":{"line":103,"column":4},"end":{"line":103,"column":14}},"45":{"start":{"line":108,"column":0},"end":{"line":108,"column":38}},"46":{"start":{"line":111,"column":0},"end":{"line":124,"column":3}},"47":{"start":{"line":112,"column":2},"end":{"line":123,"column":3}},"48":{"start":{"line":113,"column":22},"end":{"line":118,"column":6}},"49":{"start":{"line":120,"column":4},"end":{"line":120,"column":36}},"50":{"start":{"line":122,"column":4},"end":{"line":122,"column":14}},"51":{"start":{"line":127,"column":0},"end":{"line":127,"column":26}},"52":{"start":{"line":129,"column":0},"end":{"line":142,"column":3}},"53":{"start":{"line":130,"column":2},"end":{"line":141,"column":3}},"54":{"start":{"line":131,"column":31},"end":{"line":131,"column":39}},"55":{"start":{"line":132,"column":28},"end":{"line":132,"column":125}},"56":{"start":{"line":132,"column":70},"end":{"line":132,"column":92}},"57":{"start":{"line":132,"column":106},"end":{"line":132,"column":124}},"58":{"start":{"line":133,"column":19},"end":{"line":136,"column":6}},"59":{"start":{"line":138,"column":4},"end":{"line":138,"column":33}},"60":{"start":{"line":140,"column":4},"end":{"line":140,"column":14}},"61":{"start":{"line":144,"column":0},"end":{"line":144,"column":23}}},"fnMap":{"0":{"name":"(anonymous_0)","decl":{"start":{"line":36,"column":48},"end":{"line":36,"column":49}},"loc":{"start":{"line":36,"column":74},"end":{"line":59,"column":1}},"line":36},"1":{"name":"(anonymous_1)","decl":{"start":{"line":62,"column":25},"end":{"line":62,"column":26}},"loc":{"start":{"line":62,"column":51},"end":{"line":74,"column":1}},"line":62},"2":{"name":"(anonymous_2)","decl":{"start":{"line":80,"column":29},"end":{"line":80,"column":30}},"loc":{"start":{"line":80,"column":55},"end":{"line":94,"column":1}},"line":80},"3":{"name":"(anonymous_3)","decl":{"start":{"line":97,"column":25},"end":{"line":97,"column":26}},"loc":{"start":{"line":97,"column":51},"end":{"line":105,"column":1}},"line":97},"4":{"name":"(anonymous_4)","decl":{"start":{"line":111,"column":29},"end":{"line":111,"column":30}},"loc":{"start":{"line":111,"column":55},"end":{"line":124,"column":1}},"line":111},"5":{"name":"(anonymous_5)","decl":{"start":{"line":129,"column":26},"end":{"line":129,"column":27}},"loc":{"start":{"line":129,"column":52},"end":{"line":142,"column":1}},"line":129},"6":{"name":"(anonymous_6)","decl":{"start":{"line":132,"column":62},"end":{"line":132,"column":63}},"loc":{"start":{"line":132,"column":70},"end":{"line":132,"column":92}},"line":132},"7":{"name":"(anonymous_7)","decl":{"start":{"line":132,"column":98},"end":{"line":132,"column":99}},"loc":{"start":{"line":132,"column":106},"end":{"line":132,"column":124}},"line":132}},"branchMap":{"0":{"loc":{"start":{"line":38,"column":4},"end":{"line":43,"column":5}},"type":"if","locations":[{"start":{"line":38,"column":4},"end":{"line":43,"column":5}},{"start":{},"end":{}}],"line":38},"1":{"loc":{"start":{"line":83,"column":4},"end":{"line":88,"column":5}},"type":"if","locations":[{"start":{"line":83,"column":4},"end":{"line":88,"column":5}},{"start":{},"end":{}}],"line":83},"2":{"loc":{"start":{"line":134,"column":12},"end":{"line":134,"column":26}},"type":"binary-expr","locations":[{"start":{"line":134,"column":12},"end":{"line":134,"column":16}},{"start":{"line":134,"column":20},"end":{"line":134,"column":26}}],"line":134},"3":{"loc":{"start":{"line":135,"column":10},"end":{"line":135,"column":34}},"type":"binary-expr","locations":[{"start":{"line":135,"column":10},"end":{"line":135,"column":12}},{"start":{"line":135,"column":16},"end":{"line":135,"column":34}}],"line":135}},"s":{"0":1,"1":1,"2":1,"3":1,"4":1,"5":1,"6":1,"7":1,"8":1,"9":1,"10":1,"11":1,"12":1,"13":1,"14":1,"15":0,"16":0,"17":0,"18":0,"19":0,"20":0,"21":0,"22":0,"23":0,"24":0,"25":1,"26":0,"27":0,"28":0,"29":0,"30":0,"31":0,"32":1,"33":1,"34":0,"35":0,"36":0,"37":0,"38":0,"39":0,"40":1,"41":0,"42":0,"43":0,"44":0,"45":1,"46":1,"47":0,"48":0,"49":0,"50":0,"51":1,"52":1,"53":0,"54":0,"55":0,"56":0,"57":0,"58":0,"59":0,"60":0,"61":1},"f":{"0":0,"1":0,"2":0,"3":0,"4":0,"5":0,"6":0,"7":0},"b":{"0":[0,0],"1":[0,0],"2":[0,0],"3":[0,0]},"_coverageSchema":"1a1c01bbd47fc00a2c39e90264f33305004495a9","hash":"94b914e7143cbe4cbf7c9df6d951f703bec25a14"}
,"/home/sipri/Hacktiv8-Bootcamp/Linguagram-Server/routes/userRouter.js": {"path":"/home/sipri/Hacktiv8-Bootcamp/Linguagram-Server/routes/userRouter.js","statementMap":{"0":{"start":{"line":1,"column":15},"end":{"line":1,"column":42}},"1":{"start":{"line":2,"column":19},"end":{"line":2,"column":44}},"2":{"start":{"line":5,"column":0},"end":{"line":5,"column":45}},"3":{"start":{"line":7,"column":0},"end":{"line":7,"column":39}},"4":{"start":{"line":9,"column":0},"end":{"line":9,"column":41}},"5":{"start":{"line":13,"column":0},"end":{"line":13,"column":23}}},"fnMap":{},"branchMap":{},"s":{"0":1,"1":1,"2":1,"3":1,"4":1,"5":1},"f":{},"b":{},"_coverageSchema":"1a1c01bbd47fc00a2c39e90264f33305004495a9","hash":"65db8160b09a85672bd0980e37f34e028ad58a78"}
[...]
}},"17":{"start":{"line":37,"column":2},"end":{"line":37,"column":57}},"18":{"start":{"line":40,"column":26},"end":{"line":42,"column":1}},"19":{"start":{"line":41,"column":2},"end":{"line":41,"column":58}},"20":{"start":{"line":44,"column":0},"end":{"line":52,"column":1}}},"fnMap":{"0":{"name":"(anonymous_0)","decl":{"start":{"line":3,"column":23},"end":{"line":3,"column":24}},"loc":{"start":{"line":3,"column":55},"end":{"line":11,"column":1}},"line":3},"1":{"name":"(anonymous_1)","decl":{"start":{"line":13,"column":22},"end":{"line":13,"column":23}},"loc":{"start":{"line":13,"column":67},"end":{"line":20,"column":1}},"line":13},"2":{"name":"(anonymous_2)","decl":{"start":{"line":22,"column":20},"end":{"line":22,"column":21}},"loc":{"start":{"line":22,"column":51},"end":{"line":26,"column":1}},"line":22},"3":{"name":"(anonymous_3)","decl":{"start":{"line":28,"column":24},"end":{"line":28,"column":25}},"loc":{"start":{"line":28,"column":32},"end":{"line":30,"column":1}},"line":28},"4":{"name":"(anonymous_4)","decl":{"start":{"line":32,"column":23},"end":{"line":32,"column":24}},"loc":{"start":{"line":32,"column":31},"end":{"line":34,"column":1}},"line":32},"5":{"name":"(anonymous_5)","decl":{"start":{"line":36,"column":25},"end":{"line":36,"column":26}},"loc":{"start":{"line":36,"column":33},"end":{"line":38,"column":1}},"line":36},"6":{"name":"(anonymous_6)","decl":{"start":{"line":40,"column":26},"end":{"line":40,"column":27}},"loc":{"start":{"line":40,"column":34},"end":{"line":42,"column":1}},"line":40}},"branchMap":{"0":{"loc":{"start":{"line":5,"column":2},"end":{"line":8,"column":3}},"type":"if","locations":[{"start":{"line":5,"column":2},"end":{"line":8,"column":3}},{"start":{},"end":{}}],"line":5},"1":{"loc":{"start":{"line":13,"column":50},"end":{"line":13,"column":62}},"type":"default-arg","locations":[{"start":{"line":13,"column":59},"end":{"line":13,"column":62}}],"line":13},"2":{"loc":{"start":{"line":14,"column":2},"end":{"line":19,"column":3}},"type":"switch","locations":[{"start":{"line":15,"column":4},"end":{"line":18,"column":7}}],"line":14},"3":{"loc":{"start":{"line":23,"column":2},"end":{"line":25,"column":3}},"type":"switch","locations":[{"start":{"line":24,"column":4},"end":{"line":24,"column":91}}],"line":23}},"s":{"0":1,"1":2,"2":2,"3":0,"4":0,"5":2,"6":1,"7":2,"8":2,"9":1,"10":0,"11":0,"12":1,"13":2,"14":1,"15":0,"16":1,"17":0,"18":1,"19":0,"20":1},"f":{"0":2,"1":2,"2":0,"3":2,"4":0,"5":0,"6":0},"b":{"0":[0,2],"1":[2],"2":[2],"3":[0]},"_coverageSchema":"1a1c01bbd47fc00a2c39e90264f33305004495a9","hash":"82b942f8fcef61b5fdfd1173af1c6f05a67f2ff2"}
,"/home/sipri/Hacktiv8-Bootcamp/Linguagram-Server/util/ws.js": {"path":"/home/sipri/Hacktiv8-Bootcamp/Linguagram-Server/util/ws.js","statementMap":{"0":{"start":{"line":5,"column":27},"end":{"line":5,"column":47}},"1":{"start":{"line":6,"column":24},"end":{"line":6,"column":47}},"2":{"start":{"line":7,"column":23},"end":{"line":7,"column":34}},"3":{"start":{"line":9,"column":22},"end":{"line":34,"column":1}},"4":{"start":{"line":44,"column":20},"end":{"line":44,"column":29}},"5":{"start":{"line":48,"column":16},"end":{"line":50,"column":1}},"6":{"start":{"line":49,"column":2},"end":{"line":49,"column":32}},"7":{"start":{"line":52,"column":15},"end":{"line":54,"column":1}},"8":{"start":{"line":53,"column":2},"end":{"line":53,"column":25}},"9":{"start":{"line":56,"column":23},"end":{"line":58,"column":1}},"10":{"start":{"line":57,"column":2},"end":{"line":57,"column":86}},"11":{"start":{"line":60,"column":21},"end":{"line":67,"column":1}},"12":{"start":{"line":61,"column":2},"end":{"line":66,"column":5}},"13":{"start":{"line":74,"column":19},"end":{"line":82,"column":1}},"14":{"start":{"line":75,"column":2},"end":{"line":75,"column":117}},"15":{"start":{"line":75,"column":35},"end":{"line":75,"column":117}},"16":{"start":{"line":76,"column":2},"end":{"line":76,"column":104}},"17":{"start":{"line":76,"column":33},"end":{"line":76,"column":104}},"18":{"start":{"line":77,"column":2},"end":{"line":77,"column":98}},"19":{"start":{"line":77,"column":31},"end":{"line":77,"column":98}},"20":{"start":{"line":78,"column":2},"end":{"line":78,"column":58}},"21":{"start":{"line":78,"column":14},"end":{"line":78,"column":58}},"22":{"start":{"line":79,"column":2},"end":{"line":79,"column":54}},"23":{"start":{"line":79,"column":12},"end":{"line":79,"column":54}},"24":{"start":{"line":81,"column":2},"end":{"line":81,"column":36}},"25":{"start":{"line":88,"column":19},"end":{"line":92,"column":1}},"26":{"start":{"line":89,"column":2},"end":{"line":91,"column":3}},"27":{"start":{"line":90,"column":4},"end":{"line":90,"column":35}},"28":{"start":{"line":97,"column":22},"end":{"line":141,"column":1}},"29":{"start":{"line":98,"column":2},"end":{"line":138,"column":5}},"30":{"start":{"line":99,"column":4},"end":{"line":125,"column":7}},"31":{"start":{"line":101,"column":6},"end":{"line":101,"column":23}},"32":{"start":{"line":103,"column":6},"end":{"line":124,"column":7}},"33":{"start":{"line":104,"column":14},"end":{"line":104,"column":25}},"34":{"start":{"line":105,"column":20},"end":{"line":105,"column":24}},"35":{"start":{"line":106,"column":15},"end":{"line":106,"column":29}},"36":{"start":{"line":108,"column":1},"end":{"line":113,"column":2}},"37":{"start":{"line":109,"column":3},"end":{"line":112,"column":7}},"38":{"start":{"line":116,"column":1},"end":{"line":116,"column":32}},"39":{"start":{"line":118,"column":1},"end":{"line":118,"column":40}},"40":{"start":{"line":120,"column":1},"end":{"line":123,"column":5}},"41":{"start":{"line":127,"column":4},"end":{"line":137,"column":7}},"42":{"start":{"line":129,"column":6},"end":{"line":134,"column":7}},"43":{"start":{"line":130,"column":1},"end":{"line":133,"column":2}},"44":{"start":{"line":131,"column":3},"end":{"line":131,"column":12}},"45":{"start":{"line":132,"column":3},"end":{"line":132,"column":9}},"46":{"start":{"line":136,"column":6},"end":{"line":136,"column":39}},"47":{"start":{"line":136,"column":15},"end":{"line":136,"column":39}},"48":{"start":{"line":140,"column":2},"end":{"line":140,"column":39}},"49":{"start":{"line":145,"column":17},"end":{"line":148,"column":1}},"50":{"start":{"line":146,"column":2},"end":{"line":146,"column":34}},"51":{"start":{"line":147,"column":2},"end":{"line":147,"column":33}},"52":{"start":{"line":150,"column":13},"end":{"line":155,"column":1}},"53":{"start":{"line":151,"column":2},"end":{"line":151,"column":56}},"54":{"start":{"line":151,"column":10},"end":{"line":151,"column":56}},"55":{"start":{"line":152,"column":2},"end":{"line":152,"column":32}},"56":{"start":{"line":153,"column":2},"end":{"line":153,"column":45}},"57":{"start":{"line":154,"column":2},"end":{"line":154,"column":18}},"58":{"start":{"line":160,"column":18},"end":{"line":160,"column":26}},"59":{"start":{"line":160,"column":24},"end":{"line":160,"column":26}},"60":{"start":{"line":162,"column":22},"end":{"line":165,"column":1}},"61":{"start":{"line":163,"column":2},"end":{"line":163,"column":34}},"62":{"start":{"line":164,"column":2},"end":{"line":164,"column":33}},"63":{"start":{"line":170,"column":23},"end":{"line":170,"column":40}},"64":{"start":{"line":170,"column":29},"end":{"line":170,"column":40}},"65":{"start":{"line":172,"column":26},"end":{"line":186,"column":1}},"66":{"start":{"line":173,"column":2},"end":{"line":173,"column":72}},"67":{"start":{"line":173,"column":21},"end":{"line":173,"column":72}},"68":{"start":{"line":174,"column":2},"end":{"line":174,"column":56}},"69":{"start":{"line":174,"column":13},"end":{"line":174,"column":56}},"70":{"start":{"line":175,"column":21},"end":{"line":175,"column":48}},"71":{"start":{"line":176,"column":2},"end":{"line":176,"column":111}},"72":{"start":{"line":176,"column":36},"end":{"line":176,"column":111}},"73":{"start":{"line":178,"column":2},"end":{"line":185,"column":3}},"74":{"start":{"line":179,"column":4},"end":{"line":179,"column":62}},"75":{"start":{"line":179,"column":17},"end":{"line":179,"column":62}},"76":{"start":{"line":180,"column":21},"end":{"line":180,"column":50}},"77":{"start":{"line":181,"column":4},"end":{"line":181,"column":42}},"78":{"start":{"line":181,"column":33},"end":{"line":181,"column":42}},"79":{"start":{"line":183,"column":19},"end":{"line":183,"column":44}},"80":{"start":{"line":184,"column":4},"end":{"line":184,"column":57}},"81":{"start":{"line":184,"column":16},"end":{"line":184,"column":57}},"82":{"start":{"line":188,"column":29},"end":{"line":196,"column":1}},"83":{"start":{"line":189,"column":2},"end":{"line":189,"column":52}},"84":{"start":{"line":189,"column":11},"end":{"line":189,"column":52}},"85":{"start":{"line":190,"column":2},"end":{"line":190,"column":56}},"86":{"start":{"line":190,"column":13},"end":{"line":190,"column":56}},"87":{"start":{"line":192,"column":15},"end":{"line":192,"column":36}},"88":{"start":{"line":194,"column":17},"end":{"line":194,"column":38}},"89":{"start":{"line":195,"column":2},"end":{"line":195,"column":55}},"90":{"start":{"line":195,"column":14},"end":{"line":195,"column":55}},"91":{"start":{"line":198,"column":20},"end":{"line":200,"column":1}},"92":{"start":{"line":199,"column":2},"end":{"line":199,"column":70}},"93":{"start":{"line":202,"column":20},"end":{"line":204,"column":1}},"94":{"start":{"line":203,"column":2},"end":{"line":203,"column":75}},"95":{"start":{"line":206,"column":22},"end":{"line":208,"column":1}},"96":{"start":{"line":207,"column":2},"end":{"line":207,"column":77}},"97":{"start":{"line":210,"column":22},"end":{"line":212,"column":1}},"98":{"start":{"line":211,"column":2},"end":{"line":211,"column":73}},"99":{"start":{"line":214,"column":23},"end":{"line":216,"column":1}},"100":{"start":{"line":215,"column":2},"end":{"line":215,"column":74}},"101":{"start":{"line":218,"column":26},"end":{"line":220,"column":1}},"102":{"start":{"line":219,"column":2},"end":{"line":219,"column":70}},"103":{"start":{"line":222,"column":30},"end":{"line":224,"column":1}},"104":{"start":{"line":223,"column":2},"end":{"line":223,"column":77}},"105":{"start":{"line":226,"column":29},"end":{"line":228,"column":1}},"106":{"start":{"line":227,"column":2},"end":{"line":227,"column":77}},"107":{"start":{"line":230,"column":0},"end":{"line":245,"column":1}}},"fnMap":{"0":{"name":"(anonymous_0)","decl":{"start":{"line":48,"column":16},"end":{"line":48,"column":17}},"loc":{"start":{"line":48,"column":28},"end":{"line":50,"column":1}},"line":48},"1":{"name":"(anonymous_1)","decl":{"start":{"line":52,"column":15},"end":{"line":52,"column":16}},"loc":{"start":{"line":52,"column":24},"end":{"line":54,"column":1}},"line":52},"2":{"name":"(anonymous_2)","decl":{"start":{"line":56,"column":23},"end":{"line":56,"column":24}},"loc":{"start":{"line":56,"column":35},"end":{"line":58,"column":1}},"line":56},"3":{"name":"(anonymous_3)","decl":{"start":{"line":60,"column":21},"end":{"line":60,"column":22}},"loc":{"start":{"line":60,"column":37},"end":{"line":67,"column":1}},"line":60},"4":{"name":"(anonymous_4)","decl":{"start":{"line":74,"column":19},"end":{"line":74,"column":20}},"loc":{"start":{"line":74,"column":43},"end":{"line":82,"column":1}},"line":74},"5":{"name":"(anonymous_5)","decl":{"start":{"line":88,"column":19},"end":{"line":88,"column":20}},"loc":{"start":{"line":88,"column":35},"end":{"line":92,"column":1}},"line":88},"6":{"name":"(anonymous_6)","decl":{"start":{"line":97,"column":22},"end":{"line":97,"column":23}},"loc":{"start":{"line":97,"column":28},"end":{"line":141,"column":1}},"line":97},"7":{"name":"(anonymous_7)","decl":{"start":{"line":98,"column":34},"end":{"line":98,"column":35}},"loc":{"start":{"line":98,"column":46},"end":{"line":138,"column":3}},"line":98},"8":{"name":"(anonymous_8)","decl":{"start":{"line":99,"column":38},"end":{"line":99,"column":39}},"loc":{"start":{"line":99,"column":47},"end":{"line":125,"column":5}},"line":99},"9":{"name":"(anonymous_9)","decl":{"start":{"line":127,"column":40},"end":{"line":127,"column":41}},"loc":{"start":{"line":127,"column":46},"end":{"line":137,"column":5}},"line":127},"10":{"name":"(anonymous_10)","decl":{"start":{"line":145,"column":17},"end":{"line":145,"column":18}},"loc":{"start":{"line":145,"column":29},"end":{"line":148,"column":1}},"line":145},"11":{"name":"(anonymous_11)","decl":{"start":{"line":150,"column":13},"end":{"line":150,"column":14}},"loc":{"start":{"line":150,"column":29},"end":{"line":155,"column":1}},"line":150},"12":{"name":"(anonymous_12)","decl":{"start":{"line":160,"column":18},"end":{"line":160,"column":19}},"loc":{"start":{"line":160,"column":24},"end":{"line":160,"column":26}},"line":160},"13":{"name":"(anonymous_13)","decl":{"start":{"line":162,"column":22},"end":{"line":162,"column":23}},"loc":{"start":{"line":162,"column":34},"end":{"line":165,"column":1}},"line":162},"14":{"name":"(anonymous_14)","decl":{"start":{"line":170,"column":23},"end":{"line":170,"column":24}},"loc":{"start":{"line":170,"column":29},"end":{"line":170,"column":40}},"line":170},"15":{"name":"(anonymous_15)","decl":{"start":{"line":172,"column":26},"end":{"line":172,"column":27}},"loc":{"start":{"line":172,"column":57},"end":{"line":186,"column":1}},"line":172},"16":{"name":"(anonymous_16)","decl":{"start":{"line":188,"column":29},"end":{"line":188,"column":30}},"loc":{"start":{"line":188,"column":50},"end":{"line":196,"column":1}},"line":188},"17":{"name":"(anonymous_17)","decl":{"start":{"line":198,"column":20},"end":{"line":198,"column":21}},"loc":{"start":{"line":198,"column":44},"end":{"line":200,"column":1}},"line":198},"18":{"name":"(anonymous_18)","decl":{"start":{"line":202,"column":20},"end":{"line":202,"column":21}},"loc":{"start":{"line":202,"column":44},"end":{"line":204,"column":1}},"line":202},"19":{"name":"(anonymous_19)","decl":{"start":{"line":206,"column":22},"end":{"line":206,"column":23}},"loc":{"start":{"line":206,"column":46},"end":{"line":208,"column":1}},"line":206},"20":{"name":"(anonymous_20)","decl":{"start":{"line":210,"column":22},"end":{"line":210,"column":23}},"loc":{"start":{"line":210,"column":46},"end":{"line":212,"column":1}},"line":210},"21":{"name":"(anonymous_21)","decl":{"start":{"line":214,"column":23},"end":{"line":214,"column":24}},"loc":{"start":{"line":214,"column":47},"end":{"line":216,"column":1}},"line":214},"22":{"name":"(anonymous_22)","decl":{"start":{"line":218,"column":26},"end":{"line":218,"column":27}},"loc":{"start":{"line":218,"column":40},"end":{"line":220,"column":1}},"line":218},"23":{"name":"(anonymous_23)","decl":{"start":{"line":222,"column":30},"end":{"line":222,"column":31}},"loc":{"start":{"line":222,"column":44},"end":{"line":224,"column":1}},"line":222},"24":{"name":"(anonymous_24)","decl":{"start":{"line":226,"column":29},"end":{"line":226,"column":30}},"loc":{"start":{"line":226,"column":43},"end":{"line":228,"column":1}},"line":226}},"branchMap":{"0":{"loc":{"start":{"line":63,"column":14},"end":{"line":63,"column":51}},"type":"binary-expr","locations":[{"start":{"line":63,"column":14},"end":{"line":63,"column":24}},{"start":{"line":63,"column":28},"end":{"line":63,"column":51}}],"line":63},"1":{"loc":{"start":{"line":75,"column":2},"end":{"line":75,"column":117}},"type":"if","locations":[{"start":{"line":75,"column":2},"end":{"line":75,"column":117}},{"start":{},"end":{}}],"line":75},"2":{"loc":{"start":{"line":76,"column":2},"end":{"line":76,"column":104}},"type":"if","locations":[{"start":{"line":76,"column":2},"end":{"line":76,"column":104}},{"start":{},"end":{}}],"line":76},"3":{"loc":{"start":{"line":77,"column":2},"end":{"line":77,"column":98}},"type":"if","locations":[{"start":{"line":77,"column":2},"end":{"line":77,"column":98}},{"start":{},"end":{}}],"line":77},"4":{"loc":{"start":{"line":78,"column":2},"end":{"line":78,"column":58}},"type":"if","locations":[{"start":{"line":78,"column":2},"end":{"line":78,"column":58}},{"start":{},"end":{}}],"line":78},"5":{"loc":{"start":{"line":79,"column":2},"end":{"line":79,"column":54}},"type":"if","locations":[{"start":{"line":79,"column":2},"end":{"line":79,"column":54}},{"start":{},"end":{}}],"line":79},"6":{"loc":{"start":{"line":108,"column":1},"end":{"line":113,"column":2}},"type":"if","locations":[{"start":{"line":108,"column":1},"end":{"line":113,"column":2}},{"start":{},"end":{}}],"line":108},"7":{"loc":{"start":{"line":130,"column":1},"end":{"line":133,"column":2}},"type":"if","locations":[{"start":{"line":130,"column":1},"end":{"line":133,"column":2}},{"start":{},"end":{}}],"line":130},"8":{"loc":{"start":{"line":136,"column":6},"end":{"line":136,"column":39}},"type":"if","locations":[{"start":{"line":136,"column":6},"end":{"line":136,"column":39}},{"start":{},"end":{}}],"line":136},"9":{"loc":{"start":{"line":151,"column":2},"end":{"line":151,"column":56}},"type":"if","locations":[{"start":{"line":151,"column":2},"end":{"line":151,"column":56}},{"start":{},"end":{}}],"line":151},"10":{"loc":{"start":{"line":173,"column":2},"end":{"line":173,"column":72}},"type":"if","locations":[{"start":{"line":173,"column":2},"end":{"line":173,"column":72}},{"start":{},"end":{}}],"line":173},"11":{"loc":{"start":{"line":174,"column":2},"end":{"line":174,"column":56}},"type":"if","locations":[{"start":{"line":174,"column":2},"end":{"line":174,"column":56}},{"start":{},"end":{}}],"line":174},"12":{"loc":{"start":{"line":176,"column":2},"end":{"line":176,"column":111}},"type":"if","locations":[{"start":{"line":176,"column":2},"end":{"line":176,"column":111}},{"start":{},"end":{}}],"line":176},"13":{"loc":{"start":{"line":179,"column":4},"end":{"line":179,"column":62}},"type":"if","locations":[{"start":{"line":179,"column":4},"end":{"line":179,"column":62}},{"start":{},"end":{}}],"line":179},"14":{"loc":{"start":{"line":181,"column":4},"end":{"line":181,"column":42}},"type":"if","locations":[{"start":{"line":181,"column":4},"end":{"line":181,"column":42}},{"start":{},"end":{}}],"line":181},"15":{"loc":{"start":{"line":184,"column":4},"end":{"line":184,"column":57}},"type":"if","locations":[{"start":{"line":184,"column":4},"end":{"line":184,"column":57}},{"start":{},"end":{}}],"line":184},"16":{"loc":{"start":{"line":189,"column":2},"end":{"line":189,"column":52}},"type":"if","locations":[{"start":{"line":189,"column":2},"end":{"line":189,"column":52}},{"start":{},"end":{}}],"line":189},"17":{"loc":{"start":{"line":190,"column":2},"end":{"line":190,"column":56}},"type":"if","locations":[{"start":{"line":190,"column":2},"end":{"line":190,"column":56}},{"start":{},"end":{}}],"line":190},"18":{"loc":{"start":{"line":195,"column":2},"end":{"line":195,"column":55}},"type":"if","locations":[{"start":{"line":195,"column":2},"end":{"line":195,"column":55}},{"start":{},"end":{}}],"line":195}},"s":{"0":1,"1":1,"2":1,"3":1,"4":1,"5":1,"6":0,"7":1,"8":0,"9":1,"10":0,"11":1,"12":1,"13":1,"14":0,"15":0,"16":0,"17":0,"18":0,"19":0,"20":0,"21":0,"22":0,"23":0,"24":0,"25":1,"26":0,"27":0,"28":1,"29":1,"30":0,"31":0,"32":0,"33":0,"34":0,"35":0,"36":0,"37":0,"38":0,"39":0,"40":0,"41":0,"42":0,"43":0,"44":0,"45":0,"46":0,"47":0,"48":1,"49":1,"50":0,"51":0,"52":1,"53":1,"54":0,"55":1,"56":1,"57":1,"58":1,"59":0,"60":1,"61":0,"62":0,"63":1,"64":0,"65":1,"66":0,"67":0,"68":0,"69":0,"70":0,"71":0,"72":0,"73":0,"74":0,"75":0,"76":0,"77":0,"78":0,"79":0,"80":0,"81":0,"82":1,"83":0,"84":0,"85":0,"86":0,"87":0,"88":0,"89":0,"90":0,"91":1,"92":0,"93":1,"94":0,"95":1,"96":0,"97":1,"98":0,"99":1,"100":0,"101":1,"102":0,"103":1,"104":0,"105":1,"106":0,"107":1},"f":{"0":0,"1":0,"2":0,"3":1,"4":0,"5":0,"6":1,"7":0,"8":0,"9":0,"10":0,"11":1,"12":0,"13":0,"14":0,"15":0,"16":0,"17":0,"18":0,"19":0,"20":0,"21":0,"22":0,"23":0,"24":0},"b":{"0":[1,1],"1":[0,0],"2":[0,0],"3":[0,0],"4":[0,0],"5":[0,0],"6":[0,0],"7":[0,0],"8":[0,0],"9":[0,1],"10":[0,0],"11":[0,0],"12":[0,0],"13":[0,0],"14":[0,0],"15":[0,0],"16":[0,0],"17":[0,0],"18":[0,0]},"_coverageSchema":"1a1c01bbd47fc00a2c39e90264f33305004495a9","hash":"2585fc280abd8b095dbc4ce6fe5c5427e464de6e"}
}
