TN:
SF:app.js
FNF:0
FNH:0
DA:3,1
DA:4,1
DA:7,1
DA:8,1
DA:9,1
DA:10,1
DA:11,1
DA:13,1
DA:14,1
DA:15,1
DA:17,1
DA:18,1
DA:19,1
DA:20,1
DA:23,1
DA:25,1
DA:26,1
DA:28,1
LF:18
LH:18
BRDA:3,0,0,1
BRDA:3,0,1,0
BRF:2
BRH:1
end_of_record
TN:
SF:controllers/index.js
FN:29,(anonymous_0)
FN:54,(anonymous_1)
FN:68,(anonymous_2)
FN:74,(anonymous_3)
FN:81,(anonymous_4)
FN:82,(anonymous_5)
FN:94,(anonymous_6)
FN:132,(anonymous_7)
FN:163,(anonymous_8)
FN:192,(anonymous_9)
FN:198,(anonymous_10)
FN:205,(anonymous_11)
FN:206,(anonymous_12)
FN:218,(anonymous_13)
FN:243,(anonymous_14)
FN:293,(anonymous_15)
FNF:16
FNH:4
FNDA:9,(anonymous_0)
FNDA:8,(anonymous_1)
FNDA:0,(anonymous_2)
FNDA:0,(anonymous_3)
FNDA:0,(anonymous_4)
FNDA:0,(anonymous_5)
FNDA:0,(anonymous_6)
FNDA:0,(anonymous_7)
FNDA:0,(anonymous_8)
FNDA:0,(anonymous_9)
FNDA:0,(anonymous_10)
FNDA:0,(anonymous_11)
FNDA:0,(anonymous_12)
FNDA:0,(anonymous_13)
FNDA:5,(anonymous_14)
FNDA:4,(anonymous_15)
DA:17,1
DA:19,1
DA:20,1
DA:21,1
DA:22,1
DA:30,9
DA:43,9
DA:45,9
DA:46,1
DA:54,8
DA:56,8
DA:67,1
DA:68,0
DA:74,0
DA:82,0
DA:83,0
DA:89,1
DA:93,1
DA:95,0
DA:102,1
DA:107,1
DA:109,1
DA:111,1
DA:113,1
DA:114,1
DA:115,1
DA:117,1
DA:121,1
DA:123,1
DA:128,8
DA:133,0
DA:145,0
DA:147,0
DA:148,0
DA:154,0
DA:156,0
DA:157,0
DA:163,0
DA:166,0
DA:172,0
DA:178,0
DA:179,0
DA:181,0
DA:182,0
DA:183,0
DA:185,0
DA:186,0
DA:188,0
DA:191,0
DA:192,0
DA:198,0
DA:206,0
DA:207,0
DA:213,0
DA:217,0
DA:219,0
DA:226,0
DA:231,0
DA:233,0
DA:235,0
DA:237,0
DA:239,0
DA:244,5
DA:245,5
DA:247,5
DA:252,4
DA:257,3
DA:258,3
DA:263,2
DA:264,2
DA:269,1
DA:270,0
DA:271,0
DA:272,0
DA:273,0
DA:279,1
DA:283,1
DA:284,1
DA:285,1
DA:286,1
DA:287,1
DA:289,4
DA:294,4
DA:295,4
DA:297,4
DA:299,3
DA:300,3
DA:305,2
DA:310,1
DA:316,1
DA:319,3
DA:324,1
LF:92
LH:51
BRDA:40,0,0,9
BRDA:41,1,0,9
BRDA:42,2,0,9
BRDA:45,3,0,1
BRDA:45,3,1,8
BRDA:82,4,0,0
BRDA:82,4,1,0
BRDA:83,5,0,0
BRDA:83,5,1,0
BRDA:142,6,0,0
BRDA:143,7,0,0
BRDA:144,8,0,0
BRDA:147,9,0,0
BRDA:147,9,1,0
BRDA:147,10,0,0
BRDA:147,10,1,0
BRDA:156,11,0,0
BRDA:156,11,1,0
BRDA:183,12,0,0
BRDA:183,12,1,0
BRDA:206,13,0,0
BRDA:206,13,1,0
BRDA:207,14,0,0
BRDA:207,14,1,0
BRDA:247,15,0,1
BRDA:247,15,1,4
BRDA:252,16,0,1
BRDA:252,16,1,3
BRDA:258,17,0,1
BRDA:258,17,1,2
BRDA:264,18,0,1
BRDA:264,18,1,1
BRDA:269,19,0,0
BRDA:269,19,1,1
BRDA:300,20,0,1
BRDA:300,20,1,2
BRDA:305,21,0,1
BRDA:305,21,1,1
BRF:38
BRH:18
end_of_record
TN:
SF:helpers/bcryptjs.js
FN:5,(anonymous_0)
FN:9,(anonymous_1)
FNF:2
FNH:2
FNDA:12,(anonymous_0)
FNDA:2,(anonymous_1)
DA:3,1
DA:5,1
DA:6,12
DA:9,1
DA:10,2
DA:13,1
LF:6
LH:6
BRF:0
BRH:0
end_of_record
TN:
SF:helpers/jwt.js
FN:6,(anonymous_0)
FN:10,(anonymous_1)
FNF:2
FNH:2
FNDA:3,(anonymous_0)
FNDA:6,(anonymous_1)
DA:3,1
DA:4,1
DA:6,1
DA:7,3
DA:10,1
DA:11,6
DA:14,1
LF:7
LH:7
BRF:0
BRH:0
end_of_record
TN:
SF:helpers/nodemailer.js
FN:15,(anonymous_0)
FN:32,(anonymous_1)
FNF:2
FNH:1
FNDA:1,(anonymous_0)
FNDA:0,(anonymous_1)
DA:3,1
DA:5,1
DA:15,1
DA:17,1
DA:32,1
DA:34,0
DA:49,1
LF:7
LH:6
BRF:0
BRH:0
end_of_record
TN:
SF:middlewares/authentication.js
FN:6,(anonymous_0)
FNF:1
FNH:1
FNDA:3,(anonymous_0)
DA:1,1
DA:2,1
DA:3,1
DA:6,1
DA:7,3
DA:8,3
DA:9,3
DA:14,2
DA:16,2
DA:18,2
DA:23,2
DA:25,2
DA:27,1
DA:31,1
LF:14
LH:14
BRDA:9,0,0,1
BRDA:9,0,1,2
BRDA:18,1,0,0
BRDA:18,1,1,2
BRF:4
BRH:3
end_of_record
TN:
SF:middlewares/errorHandler.js
FN:3,(anonymous_0)
FN:51,(anonymous_1)
FNF:2
FNH:1
FNDA:0,(anonymous_0)
FNDA:17,(anonymous_1)
DA:3,1
DA:4,0
DA:5,0
DA:6,0
DA:8,0
DA:9,0
DA:10,0
DA:12,0
DA:13,0
DA:14,0
DA:16,0
DA:17,0
DA:18,0
DA:20,0
DA:21,0
DA:22,0
DA:24,0
DA:25,0
DA:26,0
DA:28,0
DA:29,0
DA:30,0
DA:32,0
DA:33,0
DA:34,0
DA:36,0
DA:37,0
DA:38,0
DA:40,0
DA:41,0
DA:42,0
DA:43,0
DA:44,0
DA:45,0
DA:48,0
DA:51,1
DA:52,17
DA:54,17
DA:58,7
DA:64,10
DA:68,0
DA:74,10
DA:75,1
DA:81,9
DA:82,9
DA:88,0
DA:89,0
DA:95,1
LF:48
LH:11
BRDA:8,0,0,0
BRDA:8,0,1,0
BRDA:12,1,0,0
BRDA:12,1,1,0
BRDA:16,2,0,0
BRDA:16,2,1,0
BRDA:16,3,0,0
BRDA:16,3,1,0
BRDA:20,4,0,0
BRDA:20,4,1,0
BRDA:24,5,0,0
BRDA:24,5,1,0
BRDA:24,6,0,0
BRDA:24,6,1,0
BRDA:28,7,0,0
BRDA:28,7,1,0
BRDA:28,8,0,0
BRDA:28,8,1,0
BRDA:32,9,0,0
BRDA:32,9,1,0
BRDA:36,10,0,0
BRDA:36,10,1,0
BRDA:40,11,0,0
BRDA:40,11,1,0
BRDA:43,12,0,0
BRDA:43,12,1,0
BRDA:54,13,0,7
BRDA:54,13,1,10
BRDA:60,14,0,7
BRDA:60,14,1,0
BRDA:64,15,0,0
BRDA:64,15,1,10
BRDA:74,16,0,1
BRDA:74,16,1,9
BRDA:81,17,0,9
BRDA:81,17,1,0
BRDA:81,18,0,9
BRDA:81,18,1,9
BRF:38
BRH:9
end_of_record
TN:
SF:models/friendship.js
FN:5,(anonymous_0)
FN:12,(anonymous_1)
FNF:2
FNH:2
FNDA:1,(anonymous_0)
FNDA:1,(anonymous_1)
DA:4,1
DA:5,1
DA:14,1
DA:18,1
DA:24,1
DA:49,1
LF:6
LH:6
BRF:0
BRH:0
end_of_record
TN:
SF:models/group.js
FN:5,(anonymous_0)
FN:12,(anonymous_1)
FN:26,(anonymous_2)
FN:37,(anonymous_3)
FNF:4
FNH:2
FNDA:1,(anonymous_0)
FNDA:1,(anonymous_1)
FNDA:0,(anonymous_2)
FNDA:0,(anonymous_3)
DA:4,1
DA:5,1
DA:14,1
DA:17,1
DA:22,1
DA:27,0
DA:28,0
DA:38,0
DA:39,0
DA:40,0
DA:49,1
LF:11
LH:6
BRDA:27,0,0,0
BRDA:27,0,1,0
BRDA:27,1,0,0
BRDA:27,1,1,0
BRDA:39,2,0,0
BRDA:39,2,1,0
BRF:6
BRH:0
end_of_record
TN:
SF:models/groupmember.js
FN:5,(anonymous_0)
FN:12,(anonymous_1)
FNF:2
FNH:2
FNDA:1,(anonymous_0)
FNDA:1,(anonymous_1)
DA:4,1
DA:5,1
DA:14,1
DA:17,1
DA:22,1
DA:43,1
LF:6
LH:6
BRF:0
BRH:0
end_of_record
TN:
SF:models/index.js
FN:21,(anonymous_0)
FN:24,(anonymous_1)
FN:29,(anonymous_2)
FNF:3
FNH:3
FNDA:13,(anonymous_0)
FNDA:12,(anonymous_1)
FNDA:12,(anonymous_2)
DA:3,1
DA:4,1
DA:5,1
DA:6,1
DA:7,1
DA:8,1
DA:9,1
DA:10,1
DA:13,1
DA:14,0
DA:16,1
DA:19,1
DA:22,13
DA:25,12
DA:26,12
DA:29,1
DA:30,12
DA:31,12
DA:35,1
DA:36,1
DA:38,1
LF:21
LH:20
BRDA:8,0,0,1
BRDA:8,0,1,0
BRDA:13,1,0,0
BRDA:13,1,1,1
BRDA:22,2,0,13
BRDA:22,2,1,13
BRDA:22,2,2,12
BRDA:30,3,0,12
BRDA:30,3,1,0
BRF:9
BRH:6
end_of_record
TN:
SF:models/interest.js
FN:5,(anonymous_0)
FN:12,(anonymous_1)
FNF:2
FNH:2
FNDA:1,(anonymous_0)
FNDA:1,(anonymous_1)
DA:4,1
DA:5,1
DA:14,1
DA:19,1
DA:28,1
LF:5
LH:5
BRF:0
BRH:0
end_of_record
TN:
SF:models/language.js
FN:5,(anonymous_0)
FN:12,(anonymous_1)
FNF:2
FNH:2
FNDA:1,(anonymous_0)
FNDA:1,(anonymous_1)
DA:4,1
DA:5,1
DA:14,1
DA:19,1
DA:32,1
LF:5
LH:5
BRF:0
BRH:0
end_of_record
TN:
SF:models/media.js
FN:5,(anonymous_0)
FN:12,(anonymous_1)
FNF:2
FNH:2
FNDA:1,(anonymous_0)
FNDA:1,(anonymous_1)
DA:4,1
DA:5,1
DA:14,1
DA:18,1
DA:23,1
DA:52,1
LF:6
LH:6
BRF:0
BRH:0
end_of_record
TN:
SF:models/message.js
FN:5,(anonymous_0)
FN:12,(anonymous_1)
FNF:2
FNH:2
FNDA:1,(anonymous_0)
FNDA:1,(anonymous_1)
DA:4,1
DA:5,1
DA:14,1
DA:17,1
DA:20,1
DA:25,1
DA:52,1
LF:7
LH:7
BRF:0
BRH:0
end_of_record
TN:
SF:models/schedule.js
FN:5,(anonymous_0)
FN:12,(anonymous_1)
FNF:2
FNH:2
FNDA:1,(anonymous_0)
FNDA:1,(anonymous_1)
DA:4,1
DA:5,1
DA:14,1
DA:19,1
DA:48,1
LF:5
LH:5
BRF:0
BRH:0
end_of_record
TN:
SF:models/user.js
FN:9,(anonymous_0)
FN:16,(anonymous_1)
FN:87,(anonymous_2)
FN:91,(anonymous_3)
FNF:4
FNH:3
FNDA:1,(anonymous_0)
FNDA:1,(anonymous_1)
FNDA:2,(anonymous_2)
FNDA:0,(anonymous_3)
DA:5,1
DA:7,1
DA:9,1
DA:18,1
DA:21,1
DA:24,1
DA:27,1
DA:30,1
DA:34,1
DA:37,1
DA:40,1
DA:45,1
DA:87,1
DA:88,2
DA:91,1
DA:92,0
DA:95,1
LF:17
LH:16
BRDA:92,0,0,0
BRDA:92,0,1,0
BRF:2
BRH:0
end_of_record
TN:
SF:models/userinterest.js
FN:5,(anonymous_0)
FN:12,(anonymous_1)
FNF:2
FNH:2
FNDA:1,(anonymous_0)
FNDA:1,(anonymous_1)
DA:4,1
DA:5,1
DA:14,1
DA:17,1
DA:22,1
DA:43,1
LF:6
LH:6
BRF:0
BRH:0
end_of_record
TN:
SF:models/userlanguage.js
FN:6,(anonymous_0)
FN:13,(anonymous_1)
FN:31,(anonymous_2)
FNF:3
FNH:2
FNDA:1,(anonymous_0)
FNDA:1,(anonymous_1)
FNDA:0,(anonymous_2)
DA:4,1
DA:6,1
DA:15,1
DA:18,1
DA:24,1
DA:33,0
DA:34,0
DA:35,0
DA:61,1
LF:9
LH:6
BRDA:34,0,0,0
BRDA:34,0,1,0
BRF:2
BRH:0
end_of_record
TN:
SF:models/userschedule.js
FN:5,(anonymous_0)
FN:12,(anonymous_1)
FNF:2
FNH:2
FNDA:1,(anonymous_0)
FNDA:1,(anonymous_1)
DA:4,1
DA:5,1
DA:16,1
DA:37,1
LF:4
LH:4
BRF:0
BRH:0
end_of_record
TN:
SF:routes/friends.js
FN:34,(anonymous_0)
FN:45,(anonymous_1)
FN:79,(anonymous_2)
FN:102,(anonymous_3)
FNF:4
FNH:0
FNDA:0,(anonymous_0)
FNDA:0,(anonymous_1)
FNDA:0,(anonymous_2)
FNDA:0,(anonymous_3)
DA:3,1
DA:9,1
DA:14,1
DA:20,1
DA:24,1
DA:29,1
DA:34,1
DA:35,0
DA:36,0
DA:38,0
DA:40,0
DA:45,1
DA:46,0
DA:47,0
DA:49,0
DA:54,0
DA:56,0
DA:57,0
DA:63,0
DA:68,0
DA:70,0
DA:72,0
DA:74,0
DA:79,1
DA:80,0
DA:81,0
DA:83,0
DA:84,0
DA:90,0
DA:92,0
DA:94,0
DA:96,0
DA:98,0
DA:102,1
DA:103,0
DA:104,0
DA:106,0
DA:107,0
DA:113,0
DA:115,0
DA:117,0
DA:119,0
DA:121,0
DA:127,1
LF:44
LH:11
BRDA:49,0,0,0
BRDA:49,0,1,0
BRDA:56,1,0,0
BRDA:56,1,1,0
BRDA:83,2,0,0
BRDA:83,2,1,0
BRDA:106,3,0,0
BRDA:106,3,1,0
BRDA:119,4,0,0
BRDA:119,4,1,0
BRF:10
BRH:0
end_of_record
TN:
SF:routes/groups.js
FN:38,(anonymous_0)
FN:54,(anonymous_1)
FN:98,(anonymous_2)
FN:116,(anonymous_3)
FN:163,(anonymous_4)
FN:195,(anonymous_5)
FN:199,(anonymous_6)
FN:206,(anonymous_7)
FN:218,(anonymous_8)
FN:245,(anonymous_9)
FN:273,(anonymous_10)
FNF:11
FNH:2
FNDA:1,(anonymous_0)
FNDA:1,(anonymous_1)
FNDA:0,(anonymous_2)
FNDA:0,(anonymous_3)
FNDA:0,(anonymous_4)
FNDA:0,(anonymous_5)
FNDA:0,(anonymous_6)
FNDA:0,(anonymous_7)
FNDA:0,(anonymous_8)
FNDA:0,(anonymous_9)
FNDA:0,(anonymous_10)
DA:3,1
DA:7,1
DA:12,1
DA:17,1
DA:25,1
DA:34,1
DA:38,1
DA:39,1
DA:41,1
DA:44,1
DA:46,1
DA:48,1
DA:50,0
DA:54,1
DA:55,1
DA:56,1
DA:58,1
DA:60,0
DA:64,0
DA:66,0
DA:67,0
DA:73,0
DA:79,0
DA:80,0
DA:83,0
DA:84,0
DA:86,0
DA:87,0
DA:90,0
DA:92,0
DA:94,1
DA:98,1
DA:99,0
DA:101,0
DA:104,0
DA:106,0
DA:108,0
DA:110,0
DA:112,0
DA:116,1
DA:117,0
DA:119,0
DA:120,0
DA:122,0
DA:124,0
DA:126,0
DA:130,0
DA:132,0
DA:133,0
DA:139,0
DA:140,0
DA:143,0
DA:145,0
DA:147,0
DA:149,0
DA:150,0
DA:153,0
DA:155,0
DA:157,0
DA:159,0
DA:163,1
DA:164,0
DA:166,0
DA:167,0
DA:169,0
DA:170,0
DA:171,0
DA:176,0
DA:178,0
DA:179,0
DA:181,0
DA:186,0
DA:188,0
DA:190,0
DA:195,1
DA:196,0
DA:197,0
DA:199,0
DA:201,0
DA:206,1
DA:207,0
DA:208,0
DA:212,0
DA:218,1
DA:219,0
DA:220,0
DA:222,0
DA:224,0
DA:229,0
DA:234,0
DA:236,0
DA:238,0
DA:240,0
DA:245,1
DA:246,0
DA:247,0
DA:248,0
DA:255,0
DA:256,0
DA:262,0
DA:263,0
DA:265,0
DA:267,0
DA:269,0
DA:273,1
DA:274,0
DA:276,0
DA:279,0
DA:281,0
DA:283,0
DA:285,0
DA:287,0
DA:289,0
DA:291,0
DA:297,1
LF:115
LH:26
BRDA:66,0,0,0
BRDA:66,0,1,0
BRDA:66,1,0,0
BRDA:66,1,1,0
BRDA:79,2,0,0
BRDA:79,2,1,0
BRDA:86,3,0,0
BRDA:86,3,1,0
BRDA:132,4,0,0
BRDA:132,4,1,0
BRDA:132,5,0,0
BRDA:132,5,1,0
BRDA:139,6,0,0
BRDA:139,6,1,0
BRDA:149,7,0,0
BRDA:149,7,1,0
BRDA:170,8,0,0
BRDA:170,8,1,0
BRDA:224,9,0,0
BRDA:224,9,1,0
BRDA:255,10,0,0
BRDA:255,10,1,0
BRF:22
BRH:0
end_of_record
TN:
SF:routes/index.js
FN:36,(anonymous_0)
FN:62,(anonymous_1)
FN:80,(anonymous_2)
FN:97,(anonymous_3)
FN:111,(anonymous_4)
FN:129,(anonymous_5)
FN:132,(anonymous_6)
FN:132,(anonymous_7)
FNF:8
FNH:0
FNDA:0,(anonymous_0)
FNDA:0,(anonymous_1)
FNDA:0,(anonymous_2)
FNDA:0,(anonymous_3)
FNDA:0,(anonymous_4)
FNDA:0,(anonymous_5)
FNDA:0,(anonymous_6)
FNDA:0,(anonymous_7)
DA:3,1
DA:4,1
DA:5,1
DA:7,1
DA:8,1
DA:9,1
DA:13,1
DA:17,1
DA:19,1
DA:23,1
DA:27,1
DA:29,1
DA:33,1
DA:34,1
DA:36,1
DA:37,0
DA:38,0
DA:39,0
DA:45,0
DA:47,0
DA:49,0
DA:51,0
DA:53,0
DA:55,0
DA:57,0
DA:62,1
DA:63,0
DA:64,0
DA:66,0
DA:68,0
DA:70,0
DA:72,0
DA:77,1
DA:80,1
DA:81,0
DA:82,0
DA:83,0
DA:84,0
DA:90,0
DA:92,0
DA:97,1
DA:98,0
DA:99,0
DA:101,0
DA:103,0
DA:108,1
DA:111,1
DA:112,0
DA:113,0
DA:120,0
DA:122,0
DA:127,1
DA:129,1
DA:130,0
DA:131,0
DA:132,0
DA:133,0
DA:138,0
DA:140,0
DA:144,1
LF:60
LH:24
BRDA:38,0,0,0
BRDA:38,0,1,0
BRDA:83,1,0,0
BRDA:83,1,1,0
BRDA:134,2,0,0
BRDA:134,2,1,0
BRDA:135,3,0,0
BRDA:135,3,1,0
BRF:8
BRH:0
end_of_record
TN:
SF:routes/userRouter.js
FNF:0
FNH:0
DA:1,1
DA:2,1
DA:5,1
DA:7,1
DA:9,1
DA:13,1
LF:6
LH:6
BRF:0
BRH:0
end_of_record
TN:
SF:util/fetchAttributes.js
FN:13,(anonymous_0)
FN:42,(anonymous_1)
FN:67,(anonymous_2)
FNF:3
FNH:1
FNDA:4,(anonymous_0)
FNDA:0,(anonymous_1)
FNDA:0,(anonymous_2)
DA:3,1
DA:11,1
DA:13,1
DA:14,4
DA:42,1
DA:43,0
DA:67,1
DA:68,0
DA:94,1
LF:9
LH:7
BRF:0
BRH:0
end_of_record
TN:
SF:util/handleUploaded.js
FN:7,(anonymous_0)
FNF:1
FNH:0
FNDA:0,(anonymous_0)
DA:3,1
DA:4,1
DA:5,1
DA:7,1
DA:10,0
DA:12,0
DA:15,0
DA:17,0
DA:18,0
DA:23,0
DA:25,0
DA:26,0
DA:29,0
DA:35,0
DA:40,1
LF:15
LH:5
BRF:0
BRH:0
end_of_record
TN:
SF:util/imagekit.js
FNF:0
FNH:0
DA:3,1
DA:5,1
DA:7,1
DA:13,1
LF:4
LH:4
BRF:0
BRH:0
end_of_record
TN:
SF:util/multer.js
FNF:0
FNH:0
DA:3,1
DA:4,1
DA:6,1
DA:8,1
LF:4
LH:4
BRF:0
BRH:0
end_of_record
TN:
SF:util/restUtil.js
FN:14,(anonymous_0)
FN:23,(anonymous_1)
FN:33,(anonymous_2)
FN:49,(anonymous_3)
FN:65,(anonymous_4)
FN:72,(anonymous_5)
FN:99,(anonymous_6)
FN:106,(anonymous_7)
FN:110,(anonymous_8)
FNF:9
FNH:4
FNDA:2,(anonymous_0)
FNDA:2,(anonymous_1)
FNDA:0,(anonymous_2)
FNDA:1,(anonymous_3)
FNDA:4,(anonymous_4)
FNDA:0,(anonymous_5)
FNDA:0,(anonymous_6)
FNDA:0,(anonymous_7)
FNDA:0,(anonymous_8)
DA:9,1
DA:10,1
DA:12,1
DA:14,1
DA:15,2
DA:23,2
DA:24,1
DA:30,1
DA:33,1
DA:34,0
DA:46,0
DA:49,1
DA:50,1
DA:65,1
DA:66,4
DA:68,4
DA:72,1
DA:73,0
DA:87,0
DA:88,0
DA:94,0
DA:96,0
DA:99,1
DA:101,0
DA:102,0
DA:106,1
DA:107,0
DA:110,1
DA:111,0
DA:115,0
DA:120,0
DA:123,1
LF:32
LH:19
BRDA:23,0,0,1
BRDA:23,0,1,1
BRDA:87,1,0,0
BRDA:87,1,1,0
BRDA:101,2,0,0
BRDA:101,2,1,0
BRDA:115,3,0,0
BRDA:115,3,1,0
BRF:8
BRH:2
end_of_record
TN:
SF:util/validators.js
FN:3,(anonymous_0)
FN:13,(anonymous_1)
FN:22,(anonymous_2)
FN:28,(anonymous_3)
FN:32,(anonymous_4)
FN:36,(anonymous_5)
FN:40,(anonymous_6)
FNF:7
FNH:3
FNDA:2,(anonymous_0)
FNDA:2,(anonymous_1)
FNDA:0,(anonymous_2)
FNDA:2,(anonymous_3)
FNDA:0,(anonymous_4)
FNDA:0,(anonymous_5)
FNDA:0,(anonymous_6)
DA:3,1
DA:4,2
DA:5,2
DA:6,0
DA:7,0
DA:10,2
DA:13,1
DA:14,2
DA:15,2
DA:22,1
DA:23,0
DA:24,0
DA:28,1
DA:29,2
DA:32,1
DA:33,0
DA:36,1
DA:37,0
DA:40,1
DA:41,0
DA:44,1
LF:21
LH:14
BRDA:5,0,0,0
BRDA:5,0,1,2
BRDA:13,1,0,2
BRDA:14,2,0,2
BRDA:23,3,0,0
BRF:5
BRH:3
end_of_record
TN:
SF:util/ws.js
FN:48,(anonymous_0)
FN:52,(anonymous_1)
FN:56,(anonymous_2)
FN:60,(anonymous_3)
FN:74,(anonymous_4)
FN:88,(anonymous_5)
FN:97,(anonymous_6)
FN:98,(anonymous_7)
FN:99,(anonymous_8)
FN:127,(anonymous_9)
FN:145,(anonymous_10)
FN:150,(anonymous_11)
FN:160,(anonymous_12)
FN:162,(anonymous_13)
FN:170,(anonymous_14)
FN:172,(anonymous_15)
FN:188,(anonymous_16)
FN:198,(anonymous_17)
FN:202,(anonymous_18)
FN:206,(anonymous_19)
FN:210,(anonymous_20)
FN:214,(anonymous_21)
FN:218,(anonymous_22)
FN:222,(anonymous_23)
FN:226,(anonymous_24)
FNF:25
FNH:3
FNDA:0,(anonymous_0)
FNDA:0,(anonymous_1)
FNDA:0,(anonymous_2)
FNDA:1,(anonymous_3)
FNDA:0,(anonymous_4)
FNDA:0,(anonymous_5)
FNDA:1,(anonymous_6)
FNDA:0,(anonymous_7)
FNDA:0,(anonymous_8)
FNDA:0,(anonymous_9)
FNDA:0,(anonymous_10)
FNDA:1,(anonymous_11)
FNDA:0,(anonymous_12)
FNDA:0,(anonymous_13)
FNDA:0,(anonymous_14)
FNDA:0,(anonymous_15)
FNDA:0,(anonymous_16)
FNDA:0,(anonymous_17)
FNDA:0,(anonymous_18)
FNDA:0,(anonymous_19)
FNDA:0,(anonymous_20)
FNDA:0,(anonymous_21)
FNDA:0,(anonymous_22)
FNDA:0,(anonymous_23)
FNDA:0,(anonymous_24)
DA:5,1
DA:6,1
DA:7,1
DA:9,1
DA:44,1
DA:48,1
DA:49,0
DA:52,1
DA:53,0
DA:56,1
DA:57,0
DA:60,1
DA:61,1
DA:74,1
DA:75,0
DA:76,0
DA:77,0
DA:78,0
DA:79,0
DA:81,0
DA:88,1
DA:89,0
DA:90,0
DA:97,1
DA:98,1
DA:99,0
DA:101,0
DA:103,0
DA:104,0
DA:105,0
DA:106,0
DA:108,0
DA:109,0
DA:116,0
DA:118,0
DA:120,0
DA:127,0
DA:129,0
DA:130,0
DA:131,0
DA:132,0
DA:136,0
DA:140,1
DA:145,1
DA:146,0
DA:147,0
DA:150,1
DA:151,1
DA:152,1
DA:153,1
DA:154,1
DA:160,1
DA:162,1
DA:163,0
DA:164,0
DA:170,1
DA:172,1
DA:173,0
DA:174,0
DA:175,0
DA:176,0
DA:178,0
DA:179,0
DA:180,0
DA:181,0
DA:183,0
DA:184,0
DA:188,1
DA:189,0
DA:190,0
DA:192,0
DA:194,0
DA:195,0
DA:198,1
DA:199,0
DA:202,1
DA:203,0
DA:206,1
DA:207,0
DA:210,1
DA:211,0
DA:214,1
DA:215,0
DA:218,1
DA:219,0
DA:222,1
DA:223,0
DA:226,1
DA:227,0
DA:230,1
LF:90
LH:35
BRDA:63,0,0,1
BRDA:63,0,1,1
BRDA:75,1,0,0
BRDA:75,1,1,0
BRDA:76,2,0,0
BRDA:76,2,1,0
BRDA:77,3,0,0
BRDA:77,3,1,0
BRDA:78,4,0,0
BRDA:78,4,1,0
BRDA:79,5,0,0
BRDA:79,5,1,0
BRDA:108,6,0,0
BRDA:108,6,1,0
BRDA:130,7,0,0
BRDA:130,7,1,0
BRDA:136,8,0,0
BRDA:136,8,1,0
BRDA:151,9,0,0
BRDA:151,9,1,1
BRDA:173,10,0,0
BRDA:173,10,1,0
BRDA:174,11,0,0
BRDA:174,11,1,0
BRDA:176,12,0,0
BRDA:176,12,1,0
BRDA:179,13,0,0
BRDA:179,13,1,0
BRDA:181,14,0,0
BRDA:181,14,1,0
BRDA:184,15,0,0
BRDA:184,15,1,0
BRDA:189,16,0,0
BRDA:189,16,1,0
BRDA:190,17,0,0
BRDA:190,17,1,0
BRDA:195,18,0,0
BRDA:195,18,1,0
BRF:38
BRH:3
end_of_record
